12-Aug-2021 08:41:39.168 情報 [main] org.apache.catalina.startup.VersionLoggerListener.log Serverのバージョン名:     Apache Tomcat/8.5.69
12-Aug-2021 08:41:39.174 情報 [main] org.apache.catalina.startup.VersionLoggerListener.log Server ビルド:            Jun 30 2021 18:00:00 UTC
12-Aug-2021 08:41:39.176 情報 [main] org.apache.catalina.startup.VersionLoggerListener.log サーバーのバージョン番号: 8.5.69.0
12-Aug-2021 08:41:39.176 情報 [main] org.apache.catalina.startup.VersionLoggerListener.log OS 名:                    Windows 10
12-Aug-2021 08:41:39.176 情報 [main] org.apache.catalina.startup.VersionLoggerListener.log OS バージョン:            10.0
12-Aug-2021 08:41:39.177 情報 [main] org.apache.catalina.startup.VersionLoggerListener.log アーキテクチャ:           amd64
12-Aug-2021 08:41:39.177 情報 [main] org.apache.catalina.startup.VersionLoggerListener.log Java Home:                C:\Program Files\Java\jdk-16.0.1
12-Aug-2021 08:41:39.178 情報 [main] org.apache.catalina.startup.VersionLoggerListener.log JVM バージョン:           16.0.1+9-24
12-Aug-2021 08:41:39.178 情報 [main] org.apache.catalina.startup.VersionLoggerListener.log JVM ベンダ:               Oracle Corporation
12-Aug-2021 08:41:39.178 情報 [main] org.apache.catalina.startup.VersionLoggerListener.log CATALINA_BASE:            C:\Users\Onsiter\Desktop\Project\Kha\training\apache-tomcat-8.5.69
12-Aug-2021 08:41:39.178 情報 [main] org.apache.catalina.startup.VersionLoggerListener.log CATALINA_HOME:            C:\Users\Onsiter\Desktop\Project\Kha\training\apache-tomcat-8.5.69
12-Aug-2021 08:41:39.181 情報 [main] org.apache.catalina.startup.VersionLoggerListener.log コマンドライン引数:       --add-opens=java.base/java.lang=ALL-UNNAMED
12-Aug-2021 08:41:39.181 情報 [main] org.apache.catalina.startup.VersionLoggerListener.log コマンドライン引数:       --add-opens=java.base/java.io=ALL-UNNAMED
12-Aug-2021 08:41:39.182 情報 [main] org.apache.catalina.startup.VersionLoggerListener.log コマンドライン引数:       --add-opens=java.base/java.util=ALL-UNNAMED
12-Aug-2021 08:41:39.183 情報 [main] org.apache.catalina.startup.VersionLoggerListener.log コマンドライン引数:       --add-opens=java.base/java.util.concurrent=ALL-UNNAMED
12-Aug-2021 08:41:39.184 情報 [main] org.apache.catalina.startup.VersionLoggerListener.log コマンドライン引数:       --add-opens=java.rmi/sun.rmi.transport=ALL-UNNAMED
12-Aug-2021 08:41:39.185 情報 [main] org.apache.catalina.startup.VersionLoggerListener.log コマンドライン引数:       -Djava.util.logging.config.file=C:\Users\Onsiter\Desktop\Project\Kha\training\apache-tomcat-8.5.69\conf\logging.properties
12-Aug-2021 08:41:39.185 情報 [main] org.apache.catalina.startup.VersionLoggerListener.log コマンドライン引数:       -Djava.util.logging.manager=org.apache.juli.ClassLoaderLogManager
12-Aug-2021 08:41:39.186 情報 [main] org.apache.catalina.startup.VersionLoggerListener.log コマンドライン引数:       -Djdk.tls.ephemeralDHKeySize=2048
12-Aug-2021 08:41:39.187 情報 [main] org.apache.catalina.startup.VersionLoggerListener.log コマンドライン引数:       -Djava.protocol.handler.pkgs=org.apache.catalina.webresources
12-Aug-2021 08:41:39.188 情報 [main] org.apache.catalina.startup.VersionLoggerListener.log コマンドライン引数:       -Dignore.endorsed.dirs=
12-Aug-2021 08:41:39.189 情報 [main] org.apache.catalina.startup.VersionLoggerListener.log コマンドライン引数:       -Dcatalina.base=C:\Users\Onsiter\Desktop\Project\Kha\training\apache-tomcat-8.5.69
12-Aug-2021 08:41:39.189 情報 [main] org.apache.catalina.startup.VersionLoggerListener.log コマンドライン引数:       -Dcatalina.home=C:\Users\Onsiter\Desktop\Project\Kha\training\apache-tomcat-8.5.69
12-Aug-2021 08:41:39.190 情報 [main] org.apache.catalina.startup.VersionLoggerListener.log コマンドライン引数:       -Djava.io.tmpdir=C:\Users\Onsiter\Desktop\Project\Kha\training\apache-tomcat-8.5.69\temp
12-Aug-2021 08:41:39.191 情報 [main] org.apache.catalina.core.AprLifecycleListener.lifecycleEvent APRバージョン[1.7.0]を使用してAPRベースのApache Tomcatネイティブライブラリ[1.2.30]をロードしました。
12-Aug-2021 08:41:39.192 情報 [main] org.apache.catalina.core.AprLifecycleListener.lifecycleEvent APR機能：IPv6 [true]、sendfile true]、受け入れフィルタ[false]、ランダム[true]
12-Aug-2021 08:41:39.194 情報 [main] org.apache.catalina.core.AprLifecycleListener.lifecycleEvent APR/OpenSSL設定：useAprConnector [false]、useOpenSSL [true]
12-Aug-2021 08:41:39.226 情報 [main] org.apache.catalina.core.AprLifecycleListener.initializeSSL OpenSSLは[OpenSSL 1.1.1k  25 Mar 2021]を正常に初期化しました。
12-Aug-2021 08:41:39.363 情報 [main] org.apache.coyote.AbstractProtocol.init プロトコルハンドラ ["http-nio-8080"] を初期化します。
12-Aug-2021 08:41:39.590 情報 [main] org.apache.tomcat.util.net.NioSelectorPool.getSharedSelector Using a shared selector for servlet write/read
12-Aug-2021 08:41:39.615 情報 [main] org.apache.catalina.startup.Catalina.load Initialization processed in 1498 ms
12-Aug-2021 08:41:39.717 情報 [main] org.apache.catalina.core.StandardService.startInternal サービス [Catalina] を起動します
12-Aug-2021 08:41:39.718 情報 [main] org.apache.catalina.core.StandardEngine.startInternal サーブレットエンジンの起動：[Apache Tomcat/8.5.69]
12-Aug-2021 08:41:39.756 情報 [localhost-startStop-1] org.apache.catalina.startup.HostConfig.deployWAR Webアプリケーションアーカイブ [C:\Users\Onsiter\Desktop\Project\Kha\training\apache-tomcat-8.5.69\webapps\todos.war] を配備します
12-Aug-2021 08:41:45.712 情報 [localhost-startStop-1] org.apache.jasper.servlet.TldScanner.scanJars 少なくとも1つのJARが、まだTLDを含んでいないTLDについてスキャンされました。 スキャンしたが、そこにTLDが見つからなかったJARの完全なリストについては、このロガーのデバッグログを有効にしてください。 スキャン中に不要なJARをスキップすると、起動時間とJSPのコンパイル時間が改善されます。
12-Aug-2021 08:41:57.012 情報 [localhost-startStop-1] org.apache.catalina.startup.HostConfig.deployWAR Web アプリケーションアーカイブ [C:\Users\Onsiter\Desktop\Project\Kha\training\apache-tomcat-8.5.69\webapps\todos.war] の配備は [17,255] ms で完了しました。
12-Aug-2021 08:41:57.017 情報 [localhost-startStop-1] org.apache.catalina.startup.HostConfig.deployDirectory Webアプリケーションディレクトリ [C:\Users\Onsiter\Desktop\Project\Kha\training\apache-tomcat-8.5.69\webapps\docs] を配備します
12-Aug-2021 08:41:57.085 情報 [localhost-startStop-1] org.apache.catalina.startup.HostConfig.deployDirectory ディレクトリ [C:\Users\Onsiter\Desktop\Project\Kha\training\apache-tomcat-8.5.69\webapps\docs] の Web アプリケーションの配備は [66] ms で完了しました。
12-Aug-2021 08:41:57.086 情報 [localhost-startStop-1] org.apache.catalina.startup.HostConfig.deployDirectory Webアプリケーションディレクトリ [C:\Users\Onsiter\Desktop\Project\Kha\training\apache-tomcat-8.5.69\webapps\examples] を配備します
12-Aug-2021 08:41:57.926 情報 [localhost-startStop-1] org.apache.catalina.startup.HostConfig.deployDirectory ディレクトリ [C:\Users\Onsiter\Desktop\Project\Kha\training\apache-tomcat-8.5.69\webapps\examples] の Web アプリケーションの配備は [840] ms で完了しました。
12-Aug-2021 08:41:57.927 情報 [localhost-startStop-1] org.apache.catalina.startup.HostConfig.deployDirectory Webアプリケーションディレクトリ [C:\Users\Onsiter\Desktop\Project\Kha\training\apache-tomcat-8.5.69\webapps\host-manager] を配備します
12-Aug-2021 08:41:58.007 情報 [localhost-startStop-1] org.apache.catalina.startup.HostConfig.deployDirectory ディレクトリ [C:\Users\Onsiter\Desktop\Project\Kha\training\apache-tomcat-8.5.69\webapps\host-manager] の Web アプリケーションの配備は [80] ms で完了しました。
12-Aug-2021 08:41:58.008 情報 [localhost-startStop-1] org.apache.catalina.startup.HostConfig.deployDirectory Webアプリケーションディレクトリ [C:\Users\Onsiter\Desktop\Project\Kha\training\apache-tomcat-8.5.69\webapps\manager] を配備します
12-Aug-2021 08:41:58.091 情報 [localhost-startStop-1] org.apache.catalina.startup.HostConfig.deployDirectory ディレクトリ [C:\Users\Onsiter\Desktop\Project\Kha\training\apache-tomcat-8.5.69\webapps\manager] の Web アプリケーションの配備は [83] ms で完了しました。
12-Aug-2021 08:41:58.092 情報 [localhost-startStop-1] org.apache.catalina.startup.HostConfig.deployDirectory Webアプリケーションディレクトリ [C:\Users\Onsiter\Desktop\Project\Kha\training\apache-tomcat-8.5.69\webapps\ROOT] を配備します
12-Aug-2021 08:41:58.150 情報 [localhost-startStop-1] org.apache.catalina.startup.HostConfig.deployDirectory ディレクトリ [C:\Users\Onsiter\Desktop\Project\Kha\training\apache-tomcat-8.5.69\webapps\ROOT] の Web アプリケーションの配備は [59] ms で完了しました。
12-Aug-2021 08:41:58.157 情報 [main] org.apache.coyote.AbstractProtocol.start プロトコルハンドラー ["http-nio-8080"] を開始しました。
12-Aug-2021 08:41:58.176 情報 [main] org.apache.catalina.startup.Catalina.start Server startup in 18559 ms
12-Aug-2021 08:53:29.905 情報 [ContainerBackgroundProcessor[StandardEngine[Catalina]]] org.apache.catalina.startup.HostConfig.undeploy コンテキストパス [/todos] のWebアプリケーションの配備を解除します
12-Aug-2021 08:53:29.995 情報 [ContainerBackgroundProcessor[StandardEngine[Catalina]]] oracle.jdbc.driver.OracleDriver.unRegisterMBeans Unabled to unregister Oracle JDBC Diagnosability MBean: com.oracle.jdbc:type=diagnosability,name=org.apache.catalina.loader.ParallelWebappClassLoader@26efd065
12-Aug-2021 08:53:30.041 警告 [ContainerBackgroundProcessor[StandardEngine[Catalina]]] org.apache.catalina.loader.WebappClassLoaderBase.clearReferencesJdbc Web アプリケーション [todos] は JDBC ドライバーの登録を解除できません。
	java.lang.IllegalStateException: java.io.IOException: java.lang.reflect.InvocationTargetException
		at org.apache.catalina.webresources.AbstractSingleArchiveResourceSet.getArchiveEntry(AbstractSingleArchiveResourceSet.java:100)
		at org.apache.catalina.webresources.AbstractArchiveResourceSet.getResource(AbstractArchiveResourceSet.java:252)
		at org.apache.catalina.webresources.StandardRoot.getResourceInternal(StandardRoot.java:280)
		at org.apache.catalina.webresources.Cache.getResource(Cache.java:62)
		at org.apache.catalina.webresources.StandardRoot.getResource(StandardRoot.java:215)
		at org.apache.catalina.webresources.StandardRoot.getClassLoaderResource(StandardRoot.java:224)
		at org.apache.catalina.loader.WebappClassLoaderBase.findClassInternal(WebappClassLoaderBase.java:2365)
		at org.apache.catalina.loader.WebappClassLoaderBase.findClass(WebappClassLoaderBase.java:876)
		at org.apache.catalina.loader.WebappClassLoaderBase.loadClass(WebappClassLoaderBase.java:1379)
		at org.apache.catalina.loader.WebappClassLoaderBase.loadClass(WebappClassLoaderBase.java:1223)
		at oracle.jdbc.driver.OracleDriver.deregister(OracleDriver.java:525)
		at java.sql/java.sql.DriverManager.deregisterDriver(DriverManager.java:398)
		at org.apache.catalina.loader.JdbcLeakPrevention.clearJdbcDriverRegistrations(JdbcLeakPrevention.java:72)
		at java.base/jdk.internal.reflect.NativeMethodAccessorImpl.invoke0(Native Method)
		at java.base/jdk.internal.reflect.NativeMethodAccessorImpl.invoke(NativeMethodAccessorImpl.java:78)
		at java.base/jdk.internal.reflect.DelegatingMethodAccessorImpl.invoke(DelegatingMethodAccessorImpl.java:43)
		at java.base/java.lang.reflect.Method.invoke(Method.java:567)
		at org.apache.catalina.loader.WebappClassLoaderBase.clearReferencesJdbc(WebappClassLoaderBase.java:1746)
		at org.apache.catalina.loader.WebappClassLoaderBase.clearReferences(WebappClassLoaderBase.java:1668)
		at org.apache.catalina.loader.WebappClassLoaderBase.stop(WebappClassLoaderBase.java:1605)
		at org.apache.catalina.loader.WebappLoader.stopInternal(WebappLoader.java:455)
		at org.apache.catalina.util.LifecycleBase.stop(LifecycleBase.java:257)
		at org.apache.catalina.core.StandardContext.stopInternal(StandardContext.java:5505)
		at org.apache.catalina.util.LifecycleBase.stop(LifecycleBase.java:257)
		at org.apache.catalina.core.ContainerBase.removeChild(ContainerBase.java:846)
		at org.apache.catalina.startup.HostConfig.undeploy(HostConfig.java:1458)
		at org.apache.catalina.startup.HostConfig.checkResources(HostConfig.java:1383)
		at org.apache.catalina.startup.HostConfig.check(HostConfig.java:1646)
		at org.apache.catalina.startup.HostConfig.lifecycleEvent(HostConfig.java:314)
		at org.apache.catalina.util.LifecycleBase.fireLifecycleEvent(LifecycleBase.java:123)
		at org.apache.catalina.core.ContainerBase.backgroundProcess(ContainerBase.java:1172)
		at org.apache.catalina.core.ContainerBase$ContainerBackgroundProcessor.processChildren(ContainerBase.java:1398)
		at org.apache.catalina.core.ContainerBase$ContainerBackgroundProcessor.processChildren(ContainerBase.java:1402)
		at org.apache.catalina.core.ContainerBase$ContainerBackgroundProcessor.run(ContainerBase.java:1370)
		at java.base/java.lang.Thread.run(Thread.java:831)
	Caused by: java.io.IOException: java.lang.reflect.InvocationTargetException
		at org.apache.tomcat.util.compat.Jre9Compat.jarFileNewInstance(Jre9Compat.java:209)
		at org.apache.tomcat.util.compat.JreCompat.jarFileNewInstance(JreCompat.java:187)
		at org.apache.catalina.webresources.AbstractArchiveResourceSet.openJarFile(AbstractArchiveResourceSet.java:308)
		at org.apache.catalina.webresources.AbstractSingleArchiveResourceSet.getArchiveEntry(AbstractSingleArchiveResourceSet.java:96)
		... 34 more
	Caused by: java.lang.reflect.InvocationTargetException
		at java.base/jdk.internal.reflect.GeneratedConstructorAccessor7.newInstance(Unknown Source)
		at java.base/jdk.internal.reflect.DelegatingConstructorAccessorImpl.newInstance(DelegatingConstructorAccessorImpl.java:45)
		at java.base/java.lang.reflect.Constructor.newInstanceWithCaller(Constructor.java:499)
		at java.base/java.lang.reflect.Constructor.newInstance(Constructor.java:480)
		at org.apache.tomcat.util.compat.Jre9Compat.jarFileNewInstance(Jre9Compat.java:206)
		... 37 more
	Caused by: java.nio.file.NoSuchFileException: C:\Users\Onsiter\Desktop\Project\Kha\training\apache-tomcat-8.5.69\webapps\todos\WEB-INF\lib\h2-1.4.200.jar
		at java.base/sun.nio.fs.WindowsException.translateToIOException(WindowsException.java:85)
		at java.base/sun.nio.fs.WindowsException.rethrowAsIOException(WindowsException.java:103)
		at java.base/sun.nio.fs.WindowsException.rethrowAsIOException(WindowsException.java:108)
		at java.base/sun.nio.fs.WindowsFileAttributeViews$Basic.readAttributes(WindowsFileAttributeViews.java:53)
		at java.base/sun.nio.fs.WindowsFileAttributeViews$Basic.readAttributes(WindowsFileAttributeViews.java:38)
		at java.base/sun.nio.fs.WindowsFileSystemProvider.readAttributes(WindowsFileSystemProvider.java:199)
		at java.base/java.nio.file.Files.readAttributes(Files.java:1843)
		at java.base/java.util.zip.ZipFile$Source.get(ZipFile.java:1212)
		at java.base/java.util.zip.ZipFile$CleanableResource.<init>(ZipFile.java:706)
		at java.base/java.util.zip.ZipFile.<init>(ZipFile.java:240)
		at java.base/java.util.zip.ZipFile.<init>(ZipFile.java:171)
		at java.base/java.util.jar.JarFile.<init>(JarFile.java:348)
		... 42 more
12-Aug-2021 08:53:30.048 警告 [ContainerBackgroundProcessor[StandardEngine[Catalina]]] org.apache.catalina.loader.WebappClassLoaderBase.clearReferencesThreads Webアプリケーション[todos]は[Timer-0]という名前のスレッドを開始したようですが、停止に失敗しました。 これはメモリリークを引き起こす可能性が非常に高いです。 スレッドのスタックトレース：
 java.base@16.0.1/java.lang.Object.wait(Native Method)
 java.base@16.0.1/java.lang.Object.wait(Object.java:320)
 java.base@16.0.1/java.util.TimerThread.mainLoop(Timer.java:527)
 java.base@16.0.1/java.util.TimerThread.run(Timer.java:506)
12-Aug-2021 08:53:30.050 警告 [ContainerBackgroundProcessor[StandardEngine[Catalina]]] org.apache.catalina.loader.WebappClassLoaderBase.clearReferencesThreads Webアプリケーション[todos]は[oracle.jdbc.driver.BlockSource.ThreadedCachingBlockSource.BlockReleaser]という名前のスレッドを開始したようですが、停止に失敗しました。 これはメモリリークを引き起こす可能性が非常に高いです。 スレッドのスタックトレース：
 java.base@16.0.1/java.lang.Object.wait(Native Method)
 oracle.jdbc.driver.BlockSource$ThreadedCachingBlockSource$BlockReleaser.run(BlockSource.java:331)
12-Aug-2021 08:53:30.051 警告 [ContainerBackgroundProcessor[StandardEngine[Catalina]]] org.apache.catalina.loader.WebappClassLoaderBase.clearReferencesThreads Webアプリケーション[todos]は[InterruptTimer]という名前のスレッドを開始したようですが、停止に失敗しました。 これはメモリリークを引き起こす可能性が非常に高いです。 スレッドのスタックトレース：
 java.base@16.0.1/java.lang.Object.wait(Native Method)
 java.base@16.0.1/java.util.TimerThread.mainLoop(Timer.java:553)
 java.base@16.0.1/java.util.TimerThread.run(Timer.java:506)
12-Aug-2021 08:54:20.125 情報 [localhost-startStop-2] org.apache.catalina.startup.HostConfig.deployWAR Webアプリケーションアーカイブ [C:\Users\Onsiter\Desktop\Project\Kha\training\apache-tomcat-8.5.69\webapps\todos.war] を配備します
12-Aug-2021 08:54:24.881 情報 [localhost-startStop-2] org.apache.jasper.servlet.TldScanner.scanJars 少なくとも1つのJARが、まだTLDを含んでいないTLDについてスキャンされました。 スキャンしたが、そこにTLDが見つからなかったJARの完全なリストについては、このロガーのデバッグログを有効にしてください。 スキャン中に不要なJARをスキップすると、起動時間とJSPのコンパイル時間が改善されます。
12-Aug-2021 08:54:33.974 情報 [localhost-startStop-2] org.apache.catalina.startup.HostConfig.deployWAR Web アプリケーションアーカイブ [C:\Users\Onsiter\Desktop\Project\Kha\training\apache-tomcat-8.5.69\webapps\todos.war] の配備は [13,850] ms で完了しました。
12-Aug-2021 08:57:04.305 情報 [Thread-8] org.apache.coyote.AbstractProtocol.pause ProtocolHandler ["http-nio-8080"] を一時停止します。
12-Aug-2021 08:57:16.366 情報 [main] org.apache.catalina.startup.VersionLoggerListener.log Serverのバージョン名:     Apache Tomcat/8.5.69
12-Aug-2021 08:57:16.373 情報 [main] org.apache.catalina.startup.VersionLoggerListener.log Server ビルド:            Jun 30 2021 18:00:00 UTC
12-Aug-2021 08:57:16.373 情報 [main] org.apache.catalina.startup.VersionLoggerListener.log サーバーのバージョン番号: 8.5.69.0
12-Aug-2021 08:57:16.375 情報 [main] org.apache.catalina.startup.VersionLoggerListener.log OS 名:                    Windows 10
12-Aug-2021 08:57:16.376 情報 [main] org.apache.catalina.startup.VersionLoggerListener.log OS バージョン:            10.0
12-Aug-2021 08:57:16.376 情報 [main] org.apache.catalina.startup.VersionLoggerListener.log アーキテクチャ:           amd64
12-Aug-2021 08:57:16.376 情報 [main] org.apache.catalina.startup.VersionLoggerListener.log Java Home:                C:\Program Files\Java\jdk-16.0.1
12-Aug-2021 08:57:16.379 情報 [main] org.apache.catalina.startup.VersionLoggerListener.log JVM バージョン:           16.0.1+9-24
12-Aug-2021 08:57:16.380 情報 [main] org.apache.catalina.startup.VersionLoggerListener.log JVM ベンダ:               Oracle Corporation
12-Aug-2021 08:57:16.380 情報 [main] org.apache.catalina.startup.VersionLoggerListener.log CATALINA_BASE:            C:\Users\Onsiter\Desktop\Project\Kha\training\apache-tomcat-8.5.69
12-Aug-2021 08:57:16.381 情報 [main] org.apache.catalina.startup.VersionLoggerListener.log CATALINA_HOME:            C:\Users\Onsiter\Desktop\Project\Kha\training\apache-tomcat-8.5.69
12-Aug-2021 08:57:16.382 情報 [main] org.apache.catalina.startup.VersionLoggerListener.log コマンドライン引数:       --add-opens=java.base/java.lang=ALL-UNNAMED
12-Aug-2021 08:57:16.382 情報 [main] org.apache.catalina.startup.VersionLoggerListener.log コマンドライン引数:       --add-opens=java.base/java.io=ALL-UNNAMED
12-Aug-2021 08:57:16.383 情報 [main] org.apache.catalina.startup.VersionLoggerListener.log コマンドライン引数:       --add-opens=java.base/java.util=ALL-UNNAMED
12-Aug-2021 08:57:16.383 情報 [main] org.apache.catalina.startup.VersionLoggerListener.log コマンドライン引数:       --add-opens=java.base/java.util.concurrent=ALL-UNNAMED
12-Aug-2021 08:57:16.384 情報 [main] org.apache.catalina.startup.VersionLoggerListener.log コマンドライン引数:       --add-opens=java.rmi/sun.rmi.transport=ALL-UNNAMED
12-Aug-2021 08:57:16.386 情報 [main] org.apache.catalina.startup.VersionLoggerListener.log コマンドライン引数:       -Djava.util.logging.config.file=C:\Users\Onsiter\Desktop\Project\Kha\training\apache-tomcat-8.5.69\conf\logging.properties
12-Aug-2021 08:57:16.389 情報 [main] org.apache.catalina.startup.VersionLoggerListener.log コマンドライン引数:       -Djava.util.logging.manager=org.apache.juli.ClassLoaderLogManager
12-Aug-2021 08:57:16.390 情報 [main] org.apache.catalina.startup.VersionLoggerListener.log コマンドライン引数:       -Djdk.tls.ephemeralDHKeySize=2048
12-Aug-2021 08:57:16.391 情報 [main] org.apache.catalina.startup.VersionLoggerListener.log コマンドライン引数:       -Djava.protocol.handler.pkgs=org.apache.catalina.webresources
12-Aug-2021 08:57:16.392 情報 [main] org.apache.catalina.startup.VersionLoggerListener.log コマンドライン引数:       -Dignore.endorsed.dirs=
12-Aug-2021 08:57:16.397 情報 [main] org.apache.catalina.startup.VersionLoggerListener.log コマンドライン引数:       -Dcatalina.base=C:\Users\Onsiter\Desktop\Project\Kha\training\apache-tomcat-8.5.69
12-Aug-2021 08:57:16.399 情報 [main] org.apache.catalina.startup.VersionLoggerListener.log コマンドライン引数:       -Dcatalina.home=C:\Users\Onsiter\Desktop\Project\Kha\training\apache-tomcat-8.5.69
12-Aug-2021 08:57:16.400 情報 [main] org.apache.catalina.startup.VersionLoggerListener.log コマンドライン引数:       -Djava.io.tmpdir=C:\Users\Onsiter\Desktop\Project\Kha\training\apache-tomcat-8.5.69\temp
12-Aug-2021 08:57:16.401 情報 [main] org.apache.catalina.core.AprLifecycleListener.lifecycleEvent APRバージョン[1.7.0]を使用してAPRベースのApache Tomcatネイティブライブラリ[1.2.30]をロードしました。
12-Aug-2021 08:57:16.402 情報 [main] org.apache.catalina.core.AprLifecycleListener.lifecycleEvent APR機能：IPv6 [true]、sendfile true]、受け入れフィルタ[false]、ランダム[true]
12-Aug-2021 08:57:16.403 情報 [main] org.apache.catalina.core.AprLifecycleListener.lifecycleEvent APR/OpenSSL設定：useAprConnector [false]、useOpenSSL [true]
12-Aug-2021 08:57:16.420 情報 [main] org.apache.catalina.core.AprLifecycleListener.initializeSSL OpenSSLは[OpenSSL 1.1.1k  25 Mar 2021]を正常に初期化しました。
12-Aug-2021 08:57:16.525 情報 [main] org.apache.coyote.AbstractProtocol.init プロトコルハンドラ ["http-nio-8080"] を初期化します。
12-Aug-2021 08:57:16.692 情報 [main] org.apache.tomcat.util.net.NioSelectorPool.getSharedSelector Using a shared selector for servlet write/read
12-Aug-2021 08:57:16.723 情報 [main] org.apache.catalina.startup.Catalina.load Initialization processed in 1147 ms
12-Aug-2021 08:57:16.809 情報 [main] org.apache.catalina.core.StandardService.startInternal サービス [Catalina] を起動します
12-Aug-2021 08:57:16.809 情報 [main] org.apache.catalina.core.StandardEngine.startInternal サーブレットエンジンの起動：[Apache Tomcat/8.5.69]
12-Aug-2021 08:57:16.845 情報 [localhost-startStop-1] org.apache.catalina.startup.HostConfig.deployWAR Webアプリケーションアーカイブ [C:\Users\Onsiter\Desktop\Project\Kha\training\apache-tomcat-8.5.69\webapps\todos.war] を配備します
12-Aug-2021 08:57:21.915 情報 [localhost-startStop-1] org.apache.jasper.servlet.TldScanner.scanJars 少なくとも1つのJARが、まだTLDを含んでいないTLDについてスキャンされました。 スキャンしたが、そこにTLDが見つからなかったJARの完全なリストについては、このロガーのデバッグログを有効にしてください。 スキャン中に不要なJARをスキップすると、起動時間とJSPのコンパイル時間が改善されます。
12-Aug-2021 08:57:31.761 情報 [localhost-startStop-1] org.apache.catalina.startup.HostConfig.deployWAR Web アプリケーションアーカイブ [C:\Users\Onsiter\Desktop\Project\Kha\training\apache-tomcat-8.5.69\webapps\todos.war] の配備は [14,917] ms で完了しました。
12-Aug-2021 08:57:31.763 情報 [localhost-startStop-1] org.apache.catalina.startup.HostConfig.deployDirectory Webアプリケーションディレクトリ [C:\Users\Onsiter\Desktop\Project\Kha\training\apache-tomcat-8.5.69\webapps\docs] を配備します
12-Aug-2021 08:57:31.821 情報 [localhost-startStop-1] org.apache.catalina.startup.HostConfig.deployDirectory ディレクトリ [C:\Users\Onsiter\Desktop\Project\Kha\training\apache-tomcat-8.5.69\webapps\docs] の Web アプリケーションの配備は [57] ms で完了しました。
12-Aug-2021 08:57:31.823 情報 [localhost-startStop-1] org.apache.catalina.startup.HostConfig.deployDirectory Webアプリケーションディレクトリ [C:\Users\Onsiter\Desktop\Project\Kha\training\apache-tomcat-8.5.69\webapps\examples] を配備します
12-Aug-2021 08:57:32.754 情報 [localhost-startStop-1] org.apache.catalina.startup.HostConfig.deployDirectory ディレクトリ [C:\Users\Onsiter\Desktop\Project\Kha\training\apache-tomcat-8.5.69\webapps\examples] の Web アプリケーションの配備は [931] ms で完了しました。
12-Aug-2021 08:57:32.755 情報 [localhost-startStop-1] org.apache.catalina.startup.HostConfig.deployDirectory Webアプリケーションディレクトリ [C:\Users\Onsiter\Desktop\Project\Kha\training\apache-tomcat-8.5.69\webapps\host-manager] を配備します
12-Aug-2021 08:57:32.833 情報 [localhost-startStop-1] org.apache.catalina.startup.HostConfig.deployDirectory ディレクトリ [C:\Users\Onsiter\Desktop\Project\Kha\training\apache-tomcat-8.5.69\webapps\host-manager] の Web アプリケーションの配備は [79] ms で完了しました。
12-Aug-2021 08:57:32.833 情報 [localhost-startStop-1] org.apache.catalina.startup.HostConfig.deployDirectory Webアプリケーションディレクトリ [C:\Users\Onsiter\Desktop\Project\Kha\training\apache-tomcat-8.5.69\webapps\manager] を配備します
12-Aug-2021 08:57:32.916 情報 [localhost-startStop-1] org.apache.catalina.startup.HostConfig.deployDirectory ディレクトリ [C:\Users\Onsiter\Desktop\Project\Kha\training\apache-tomcat-8.5.69\webapps\manager] の Web アプリケーションの配備は [83] ms で完了しました。
12-Aug-2021 08:57:32.917 情報 [localhost-startStop-1] org.apache.catalina.startup.HostConfig.deployDirectory Webアプリケーションディレクトリ [C:\Users\Onsiter\Desktop\Project\Kha\training\apache-tomcat-8.5.69\webapps\ROOT] を配備します
12-Aug-2021 08:57:32.974 情報 [localhost-startStop-1] org.apache.catalina.startup.HostConfig.deployDirectory ディレクトリ [C:\Users\Onsiter\Desktop\Project\Kha\training\apache-tomcat-8.5.69\webapps\ROOT] の Web アプリケーションの配備は [57] ms で完了しました。
12-Aug-2021 08:57:32.981 情報 [main] org.apache.coyote.AbstractProtocol.start プロトコルハンドラー ["http-nio-8080"] を開始しました。
12-Aug-2021 08:57:33.002 情報 [main] org.apache.catalina.startup.Catalina.start Server startup in 16278 ms
12-Aug-2021 09:08:44.220 情報 [ContainerBackgroundProcessor[StandardEngine[Catalina]]] org.apache.catalina.startup.HostConfig.undeploy コンテキストパス [/todos] のWebアプリケーションの配備を解除します
12-Aug-2021 09:08:44.291 情報 [ContainerBackgroundProcessor[StandardEngine[Catalina]]] oracle.jdbc.driver.OracleDriver.unRegisterMBeans Unabled to unregister Oracle JDBC Diagnosability MBean: com.oracle.jdbc:type=diagnosability,name=org.apache.catalina.loader.ParallelWebappClassLoader@af154d5
12-Aug-2021 09:08:44.301 警告 [ContainerBackgroundProcessor[StandardEngine[Catalina]]] org.apache.catalina.loader.WebappClassLoaderBase.clearReferencesJdbc Web アプリケーション [todos] は JDBC ドライバーの登録を解除できません。
	java.lang.IllegalStateException: java.io.IOException: java.lang.reflect.InvocationTargetException
		at org.apache.catalina.webresources.AbstractSingleArchiveResourceSet.getArchiveEntry(AbstractSingleArchiveResourceSet.java:100)
		at org.apache.catalina.webresources.AbstractArchiveResourceSet.getResource(AbstractArchiveResourceSet.java:252)
		at org.apache.catalina.webresources.StandardRoot.getResourceInternal(StandardRoot.java:280)
		at org.apache.catalina.webresources.Cache.getResource(Cache.java:62)
		at org.apache.catalina.webresources.StandardRoot.getResource(StandardRoot.java:215)
		at org.apache.catalina.webresources.StandardRoot.getClassLoaderResource(StandardRoot.java:224)
		at org.apache.catalina.loader.WebappClassLoaderBase.findClassInternal(WebappClassLoaderBase.java:2365)
		at org.apache.catalina.loader.WebappClassLoaderBase.findClass(WebappClassLoaderBase.java:876)
		at org.apache.catalina.loader.WebappClassLoaderBase.loadClass(WebappClassLoaderBase.java:1379)
		at org.apache.catalina.loader.WebappClassLoaderBase.loadClass(WebappClassLoaderBase.java:1223)
		at oracle.jdbc.driver.OracleDriver.deregister(OracleDriver.java:525)
		at java.sql/java.sql.DriverManager.deregisterDriver(DriverManager.java:398)
		at org.apache.catalina.loader.JdbcLeakPrevention.clearJdbcDriverRegistrations(JdbcLeakPrevention.java:72)
		at java.base/jdk.internal.reflect.NativeMethodAccessorImpl.invoke0(Native Method)
		at java.base/jdk.internal.reflect.NativeMethodAccessorImpl.invoke(NativeMethodAccessorImpl.java:78)
		at java.base/jdk.internal.reflect.DelegatingMethodAccessorImpl.invoke(DelegatingMethodAccessorImpl.java:43)
		at java.base/java.lang.reflect.Method.invoke(Method.java:567)
		at org.apache.catalina.loader.WebappClassLoaderBase.clearReferencesJdbc(WebappClassLoaderBase.java:1746)
		at org.apache.catalina.loader.WebappClassLoaderBase.clearReferences(WebappClassLoaderBase.java:1668)
		at org.apache.catalina.loader.WebappClassLoaderBase.stop(WebappClassLoaderBase.java:1605)
		at org.apache.catalina.loader.WebappLoader.stopInternal(WebappLoader.java:455)
		at org.apache.catalina.util.LifecycleBase.stop(LifecycleBase.java:257)
		at org.apache.catalina.core.StandardContext.stopInternal(StandardContext.java:5505)
		at org.apache.catalina.util.LifecycleBase.stop(LifecycleBase.java:257)
		at org.apache.catalina.core.ContainerBase.removeChild(ContainerBase.java:846)
		at org.apache.catalina.startup.HostConfig.undeploy(HostConfig.java:1458)
		at org.apache.catalina.startup.HostConfig.checkResources(HostConfig.java:1383)
		at org.apache.catalina.startup.HostConfig.check(HostConfig.java:1646)
		at org.apache.catalina.startup.HostConfig.lifecycleEvent(HostConfig.java:314)
		at org.apache.catalina.util.LifecycleBase.fireLifecycleEvent(LifecycleBase.java:123)
		at org.apache.catalina.core.ContainerBase.backgroundProcess(ContainerBase.java:1172)
		at org.apache.catalina.core.ContainerBase$ContainerBackgroundProcessor.processChildren(ContainerBase.java:1398)
		at org.apache.catalina.core.ContainerBase$ContainerBackgroundProcessor.processChildren(ContainerBase.java:1402)
		at org.apache.catalina.core.ContainerBase$ContainerBackgroundProcessor.run(ContainerBase.java:1370)
		at java.base/java.lang.Thread.run(Thread.java:831)
	Caused by: java.io.IOException: java.lang.reflect.InvocationTargetException
		at org.apache.tomcat.util.compat.Jre9Compat.jarFileNewInstance(Jre9Compat.java:209)
		at org.apache.tomcat.util.compat.JreCompat.jarFileNewInstance(JreCompat.java:187)
		at org.apache.catalina.webresources.AbstractArchiveResourceSet.openJarFile(AbstractArchiveResourceSet.java:308)
		at org.apache.catalina.webresources.AbstractSingleArchiveResourceSet.getArchiveEntry(AbstractSingleArchiveResourceSet.java:96)
		... 34 more
	Caused by: java.lang.reflect.InvocationTargetException
		at java.base/jdk.internal.reflect.GeneratedConstructorAccessor7.newInstance(Unknown Source)
		at java.base/jdk.internal.reflect.DelegatingConstructorAccessorImpl.newInstance(DelegatingConstructorAccessorImpl.java:45)
		at java.base/java.lang.reflect.Constructor.newInstanceWithCaller(Constructor.java:499)
		at java.base/java.lang.reflect.Constructor.newInstance(Constructor.java:480)
		at org.apache.tomcat.util.compat.Jre9Compat.jarFileNewInstance(Jre9Compat.java:206)
		... 37 more
	Caused by: java.nio.file.NoSuchFileException: C:\Users\Onsiter\Desktop\Project\Kha\training\apache-tomcat-8.5.69\webapps\todos\WEB-INF\lib\h2-1.4.200.jar
		at java.base/sun.nio.fs.WindowsException.translateToIOException(WindowsException.java:85)
		at java.base/sun.nio.fs.WindowsException.rethrowAsIOException(WindowsException.java:103)
		at java.base/sun.nio.fs.WindowsException.rethrowAsIOException(WindowsException.java:108)
		at java.base/sun.nio.fs.WindowsFileAttributeViews$Basic.readAttributes(WindowsFileAttributeViews.java:53)
		at java.base/sun.nio.fs.WindowsFileAttributeViews$Basic.readAttributes(WindowsFileAttributeViews.java:38)
		at java.base/sun.nio.fs.WindowsFileSystemProvider.readAttributes(WindowsFileSystemProvider.java:199)
		at java.base/java.nio.file.Files.readAttributes(Files.java:1843)
		at java.base/java.util.zip.ZipFile$Source.get(ZipFile.java:1212)
		at java.base/java.util.zip.ZipFile$CleanableResource.<init>(ZipFile.java:706)
		at java.base/java.util.zip.ZipFile.<init>(ZipFile.java:240)
		at java.base/java.util.zip.ZipFile.<init>(ZipFile.java:171)
		at java.base/java.util.jar.JarFile.<init>(JarFile.java:348)
		... 42 more
12-Aug-2021 09:08:44.307 警告 [ContainerBackgroundProcessor[StandardEngine[Catalina]]] org.apache.catalina.loader.WebappClassLoaderBase.clearReferencesThreads Webアプリケーション[todos]は[Timer-0]という名前のスレッドを開始したようですが、停止に失敗しました。 これはメモリリークを引き起こす可能性が非常に高いです。 スレッドのスタックトレース：
 java.base@16.0.1/java.lang.Object.wait(Native Method)
 java.base@16.0.1/java.lang.Object.wait(Object.java:320)
 java.base@16.0.1/java.util.TimerThread.mainLoop(Timer.java:527)
 java.base@16.0.1/java.util.TimerThread.run(Timer.java:506)
12-Aug-2021 09:08:44.308 警告 [ContainerBackgroundProcessor[StandardEngine[Catalina]]] org.apache.catalina.loader.WebappClassLoaderBase.clearReferencesThreads Webアプリケーション[todos]は[oracle.jdbc.driver.BlockSource.ThreadedCachingBlockSource.BlockReleaser]という名前のスレッドを開始したようですが、停止に失敗しました。 これはメモリリークを引き起こす可能性が非常に高いです。 スレッドのスタックトレース：
 java.base@16.0.1/java.lang.Object.wait(Native Method)
 oracle.jdbc.driver.BlockSource$ThreadedCachingBlockSource$BlockReleaser.run(BlockSource.java:331)
12-Aug-2021 09:08:44.310 警告 [ContainerBackgroundProcessor[StandardEngine[Catalina]]] org.apache.catalina.loader.WebappClassLoaderBase.clearReferencesThreads Webアプリケーション[todos]は[InterruptTimer]という名前のスレッドを開始したようですが、停止に失敗しました。 これはメモリリークを引き起こす可能性が非常に高いです。 スレッドのスタックトレース：
 java.base@16.0.1/java.lang.Object.wait(Native Method)
 java.base@16.0.1/java.util.TimerThread.mainLoop(Timer.java:553)
 java.base@16.0.1/java.util.TimerThread.run(Timer.java:506)
12-Aug-2021 09:09:04.340 情報 [localhost-startStop-2] org.apache.catalina.startup.HostConfig.deployWAR Webアプリケーションアーカイブ [C:\Users\Onsiter\Desktop\Project\Kha\training\apache-tomcat-8.5.69\webapps\todos.war] を配備します
12-Aug-2021 09:09:09.866 情報 [localhost-startStop-2] org.apache.jasper.servlet.TldScanner.scanJars 少なくとも1つのJARが、まだTLDを含んでいないTLDについてスキャンされました。 スキャンしたが、そこにTLDが見つからなかったJARの完全なリストについては、このロガーのデバッグログを有効にしてください。 スキャン中に不要なJARをスキップすると、起動時間とJSPのコンパイル時間が改善されます。
12-Aug-2021 09:09:26.262 情報 [main] org.apache.catalina.startup.VersionLoggerListener.log Serverのバージョン名:     Apache Tomcat/8.5.69
12-Aug-2021 09:09:26.268 情報 [main] org.apache.catalina.startup.VersionLoggerListener.log Server ビルド:            Jun 30 2021 18:00:00 UTC
12-Aug-2021 09:09:26.270 情報 [main] org.apache.catalina.startup.VersionLoggerListener.log サーバーのバージョン番号: 8.5.69.0
12-Aug-2021 09:09:26.270 情報 [main] org.apache.catalina.startup.VersionLoggerListener.log OS 名:                    Windows 10
12-Aug-2021 09:09:26.272 情報 [main] org.apache.catalina.startup.VersionLoggerListener.log OS バージョン:            10.0
12-Aug-2021 09:09:26.272 情報 [main] org.apache.catalina.startup.VersionLoggerListener.log アーキテクチャ:           amd64
12-Aug-2021 09:09:26.273 情報 [main] org.apache.catalina.startup.VersionLoggerListener.log Java Home:                C:\Program Files\Java\jdk-16.0.1
12-Aug-2021 09:09:26.273 情報 [main] org.apache.catalina.startup.VersionLoggerListener.log JVM バージョン:           16.0.1+9-24
12-Aug-2021 09:09:26.274 情報 [main] org.apache.catalina.startup.VersionLoggerListener.log JVM ベンダ:               Oracle Corporation
12-Aug-2021 09:09:26.274 情報 [main] org.apache.catalina.startup.VersionLoggerListener.log CATALINA_BASE:            C:\Users\Onsiter\Desktop\Project\Kha\training\apache-tomcat-8.5.69
12-Aug-2021 09:09:26.275 情報 [main] org.apache.catalina.startup.VersionLoggerListener.log CATALINA_HOME:            C:\Users\Onsiter\Desktop\Project\Kha\training\apache-tomcat-8.5.69
12-Aug-2021 09:09:26.276 情報 [main] org.apache.catalina.startup.VersionLoggerListener.log コマンドライン引数:       --add-opens=java.base/java.lang=ALL-UNNAMED
12-Aug-2021 09:09:26.276 情報 [main] org.apache.catalina.startup.VersionLoggerListener.log コマンドライン引数:       --add-opens=java.base/java.io=ALL-UNNAMED
12-Aug-2021 09:09:26.276 情報 [main] org.apache.catalina.startup.VersionLoggerListener.log コマンドライン引数:       --add-opens=java.base/java.util=ALL-UNNAMED
12-Aug-2021 09:09:26.277 情報 [main] org.apache.catalina.startup.VersionLoggerListener.log コマンドライン引数:       --add-opens=java.base/java.util.concurrent=ALL-UNNAMED
12-Aug-2021 09:09:26.278 情報 [main] org.apache.catalina.startup.VersionLoggerListener.log コマンドライン引数:       --add-opens=java.rmi/sun.rmi.transport=ALL-UNNAMED
12-Aug-2021 09:09:26.279 情報 [main] org.apache.catalina.startup.VersionLoggerListener.log コマンドライン引数:       -Djava.util.logging.config.file=C:\Users\Onsiter\Desktop\Project\Kha\training\apache-tomcat-8.5.69\conf\logging.properties
12-Aug-2021 09:09:26.281 情報 [main] org.apache.catalina.startup.VersionLoggerListener.log コマンドライン引数:       -Djava.util.logging.manager=org.apache.juli.ClassLoaderLogManager
12-Aug-2021 09:09:26.282 情報 [main] org.apache.catalina.startup.VersionLoggerListener.log コマンドライン引数:       -Djdk.tls.ephemeralDHKeySize=2048
12-Aug-2021 09:09:26.283 情報 [main] org.apache.catalina.startup.VersionLoggerListener.log コマンドライン引数:       -Djava.protocol.handler.pkgs=org.apache.catalina.webresources
12-Aug-2021 09:09:26.284 情報 [main] org.apache.catalina.startup.VersionLoggerListener.log コマンドライン引数:       -Dignore.endorsed.dirs=
12-Aug-2021 09:09:26.284 情報 [main] org.apache.catalina.startup.VersionLoggerListener.log コマンドライン引数:       -Dcatalina.base=C:\Users\Onsiter\Desktop\Project\Kha\training\apache-tomcat-8.5.69
12-Aug-2021 09:09:26.285 情報 [main] org.apache.catalina.startup.VersionLoggerListener.log コマンドライン引数:       -Dcatalina.home=C:\Users\Onsiter\Desktop\Project\Kha\training\apache-tomcat-8.5.69
12-Aug-2021 09:09:26.286 情報 [main] org.apache.catalina.startup.VersionLoggerListener.log コマンドライン引数:       -Djava.io.tmpdir=C:\Users\Onsiter\Desktop\Project\Kha\training\apache-tomcat-8.5.69\temp
12-Aug-2021 09:09:26.286 情報 [main] org.apache.catalina.core.AprLifecycleListener.lifecycleEvent APRバージョン[1.7.0]を使用してAPRベースのApache Tomcatネイティブライブラリ[1.2.30]をロードしました。
12-Aug-2021 09:09:26.287 情報 [main] org.apache.catalina.core.AprLifecycleListener.lifecycleEvent APR機能：IPv6 [true]、sendfile true]、受け入れフィルタ[false]、ランダム[true]
12-Aug-2021 09:09:26.290 情報 [main] org.apache.catalina.core.AprLifecycleListener.lifecycleEvent APR/OpenSSL設定：useAprConnector [false]、useOpenSSL [true]
12-Aug-2021 09:09:26.300 情報 [main] org.apache.catalina.core.AprLifecycleListener.initializeSSL OpenSSLは[OpenSSL 1.1.1k  25 Mar 2021]を正常に初期化しました。
12-Aug-2021 09:09:26.391 情報 [main] org.apache.coyote.AbstractProtocol.init プロトコルハンドラ ["http-nio-8080"] を初期化します。
12-Aug-2021 09:09:26.551 情報 [main] org.apache.tomcat.util.net.NioSelectorPool.getSharedSelector Using a shared selector for servlet write/read
12-Aug-2021 09:09:26.573 情報 [main] org.apache.catalina.startup.Catalina.load Initialization processed in 1083 ms
12-Aug-2021 09:09:26.653 情報 [main] org.apache.catalina.core.StandardService.startInternal サービス [Catalina] を起動します
12-Aug-2021 09:09:26.653 情報 [main] org.apache.catalina.core.StandardEngine.startInternal サーブレットエンジンの起動：[Apache Tomcat/8.5.69]
12-Aug-2021 09:09:26.694 情報 [localhost-startStop-1] org.apache.catalina.startup.HostConfig.deployWAR Webアプリケーションアーカイブ [C:\Users\Onsiter\Desktop\Project\Kha\training\apache-tomcat-8.5.69\webapps\todos.war] を配備します
12-Aug-2021 09:09:31.930 情報 [localhost-startStop-1] org.apache.jasper.servlet.TldScanner.scanJars 少なくとも1つのJARが、まだTLDを含んでいないTLDについてスキャンされました。 スキャンしたが、そこにTLDが見つからなかったJARの完全なリストについては、このロガーのデバッグログを有効にしてください。 スキャン中に不要なJARをスキップすると、起動時間とJSPのコンパイル時間が改善されます。
12-Aug-2021 09:09:41.466 情報 [localhost-startStop-1] org.apache.catalina.startup.HostConfig.deployWAR Web アプリケーションアーカイブ [C:\Users\Onsiter\Desktop\Project\Kha\training\apache-tomcat-8.5.69\webapps\todos.war] の配備は [14,771] ms で完了しました。
12-Aug-2021 09:09:41.468 情報 [localhost-startStop-1] org.apache.catalina.startup.HostConfig.deployDirectory Webアプリケーションディレクトリ [C:\Users\Onsiter\Desktop\Project\Kha\training\apache-tomcat-8.5.69\webapps\docs] を配備します
12-Aug-2021 09:09:41.524 情報 [localhost-startStop-1] org.apache.catalina.startup.HostConfig.deployDirectory ディレクトリ [C:\Users\Onsiter\Desktop\Project\Kha\training\apache-tomcat-8.5.69\webapps\docs] の Web アプリケーションの配備は [56] ms で完了しました。
12-Aug-2021 09:09:41.526 情報 [localhost-startStop-1] org.apache.catalina.startup.HostConfig.deployDirectory Webアプリケーションディレクトリ [C:\Users\Onsiter\Desktop\Project\Kha\training\apache-tomcat-8.5.69\webapps\examples] を配備します
12-Aug-2021 09:09:42.243 情報 [localhost-startStop-1] org.apache.catalina.startup.HostConfig.deployDirectory ディレクトリ [C:\Users\Onsiter\Desktop\Project\Kha\training\apache-tomcat-8.5.69\webapps\examples] の Web アプリケーションの配備は [717] ms で完了しました。
12-Aug-2021 09:09:42.246 情報 [localhost-startStop-1] org.apache.catalina.startup.HostConfig.deployDirectory Webアプリケーションディレクトリ [C:\Users\Onsiter\Desktop\Project\Kha\training\apache-tomcat-8.5.69\webapps\host-manager] を配備します
12-Aug-2021 09:09:42.321 情報 [localhost-startStop-1] org.apache.catalina.startup.HostConfig.deployDirectory ディレクトリ [C:\Users\Onsiter\Desktop\Project\Kha\training\apache-tomcat-8.5.69\webapps\host-manager] の Web アプリケーションの配備は [75] ms で完了しました。
12-Aug-2021 09:09:42.321 情報 [localhost-startStop-1] org.apache.catalina.startup.HostConfig.deployDirectory Webアプリケーションディレクトリ [C:\Users\Onsiter\Desktop\Project\Kha\training\apache-tomcat-8.5.69\webapps\manager] を配備します
12-Aug-2021 09:09:42.406 情報 [localhost-startStop-1] org.apache.catalina.startup.HostConfig.deployDirectory ディレクトリ [C:\Users\Onsiter\Desktop\Project\Kha\training\apache-tomcat-8.5.69\webapps\manager] の Web アプリケーションの配備は [85] ms で完了しました。
12-Aug-2021 09:09:42.424 情報 [localhost-startStop-1] org.apache.catalina.startup.HostConfig.deployDirectory Webアプリケーションディレクトリ [C:\Users\Onsiter\Desktop\Project\Kha\training\apache-tomcat-8.5.69\webapps\ROOT] を配備します
12-Aug-2021 09:09:42.481 情報 [localhost-startStop-1] org.apache.catalina.startup.HostConfig.deployDirectory ディレクトリ [C:\Users\Onsiter\Desktop\Project\Kha\training\apache-tomcat-8.5.69\webapps\ROOT] の Web アプリケーションの配備は [57] ms で完了しました。
12-Aug-2021 09:09:42.485 情報 [main] org.apache.coyote.AbstractProtocol.start プロトコルハンドラー ["http-nio-8080"] を開始しました。
12-Aug-2021 09:09:42.510 情報 [main] org.apache.catalina.startup.Catalina.start Server startup in 15936 ms
