::1 - - [10/Aug/2021:09:03:44 +0900] "GET / HTTP/1.1" 200 45
::1 - - [10/Aug/2021:09:03:44 +0900] "GET /favicon.ico HTTP/1.1" 404 196
::1 - - [10/Aug/2021:09:12:04 +0900] "GET / HTTP/1.1" 304 -
::1 - - [10/Aug/2021:09:12:12 +0900] "GET /todos HTTP/1.1" 404 196
::1 - - [10/Aug/2021:09:12:25 +0900] "GET /todos/index.html HTTP/1.1" 404 196
::1 - - [10/Aug/2021:09:13:25 +0900] "-" 408 -
::1 - - [10/Aug/2021:09:14:28 +0900] "GET / HTTP/1.1" 200 2000
::1 - - [10/Aug/2021:09:14:28 +0900] "GET /runtime.9296b5b1445da6c24041.js HTTP/1.1" 200 1019
::1 - - [10/Aug/2021:09:14:28 +0900] "GET /styles.c4f35588efce5affa0b9.css HTTP/1.1" 200 143066
::1 - - [10/Aug/2021:09:14:28 +0900] "GET /polyfills.8784e5154013fa9e7c74.js HTTP/1.1" 200 36799
::1 - - [10/Aug/2021:09:14:28 +0900] "GET /main.1a1e6ca6ba53664ebe88.js HTTP/1.1" 200 274011
::1 - - [10/Aug/2021:09:16:25 +0900] "GET / HTTP/1.1" 200 235
::1 - - [10/Aug/2021:09:16:30 +0900] "GET /todos2/ HTTP/1.1" 200 2000
::1 - - [10/Aug/2021:09:16:30 +0900] "GET /runtime.9296b5b1445da6c24041.js HTTP/1.1" 404 196
::1 - - [10/Aug/2021:09:16:30 +0900] "GET /polyfills.8784e5154013fa9e7c74.js HTTP/1.1" 404 196
::1 - - [10/Aug/2021:09:16:30 +0900] "GET /main.1a1e6ca6ba53664ebe88.js HTTP/1.1" 404 196
::1 - - [10/Aug/2021:09:16:30 +0900] "GET /styles.c4f35588efce5affa0b9.css HTTP/1.1" 404 196
::1 - - [10/Aug/2021:09:16:35 +0900] "GET /todos2/ HTTP/1.1" 304 -
::1 - - [10/Aug/2021:09:16:35 +0900] "GET /runtime.9296b5b1445da6c24041.js HTTP/1.1" 404 196
::1 - - [10/Aug/2021:09:16:35 +0900] "GET /polyfills.8784e5154013fa9e7c74.js HTTP/1.1" 404 196
::1 - - [10/Aug/2021:09:16:35 +0900] "GET /main.1a1e6ca6ba53664ebe88.js HTTP/1.1" 404 196
::1 - - [10/Aug/2021:09:16:35 +0900] "GET /styles.c4f35588efce5affa0b9.css HTTP/1.1" 404 196
::1 - - [10/Aug/2021:09:16:39 +0900] "GET /todos2/ HTTP/1.1" 200 2000
::1 - - [10/Aug/2021:09:16:39 +0900] "GET /polyfills.8784e5154013fa9e7c74.js HTTP/1.1" 404 196
::1 - - [10/Aug/2021:09:16:39 +0900] "GET /runtime.9296b5b1445da6c24041.js HTTP/1.1" 404 196
::1 - - [10/Aug/2021:09:16:39 +0900] "GET /styles.c4f35588efce5affa0b9.css HTTP/1.1" 404 196
::1 - - [10/Aug/2021:09:16:39 +0900] "GET /main.1a1e6ca6ba53664ebe88.js HTTP/1.1" 404 196
::1 - - [10/Aug/2021:09:16:39 +0900] "GET /favicon.ico HTTP/1.1" 404 196
::1 - - [10/Aug/2021:09:16:40 +0900] "GET /todos2/ HTTP/1.1" 200 2000
::1 - - [10/Aug/2021:09:16:40 +0900] "GET /runtime.9296b5b1445da6c24041.js HTTP/1.1" 404 196
::1 - - [10/Aug/2021:09:16:40 +0900] "GET /polyfills.8784e5154013fa9e7c74.js HTTP/1.1" 404 196
::1 - - [10/Aug/2021:09:16:40 +0900] "GET /main.1a1e6ca6ba53664ebe88.js HTTP/1.1" 404 196
::1 - - [10/Aug/2021:09:16:40 +0900] "GET /styles.c4f35588efce5affa0b9.css HTTP/1.1" 404 196
::1 - - [10/Aug/2021:09:16:40 +0900] "GET /favicon.ico HTTP/1.1" 404 196
::1 - - [10/Aug/2021:09:17:27 +0900] "GET /todos2/ HTTP/1.1" 304 -
::1 - - [10/Aug/2021:09:17:27 +0900] "GET /runtime.9296b5b1445da6c24041.js HTTP/1.1" 404 196
::1 - - [10/Aug/2021:09:17:27 +0900] "GET /polyfills.8784e5154013fa9e7c74.js HTTP/1.1" 404 196
::1 - - [10/Aug/2021:09:17:27 +0900] "GET /main.1a1e6ca6ba53664ebe88.js HTTP/1.1" 404 196
::1 - - [10/Aug/2021:09:17:27 +0900] "GET /styles.c4f35588efce5affa0b9.css HTTP/1.1" 404 196
::1 - - [10/Aug/2021:09:18:27 +0900] "-" 408 -
::1 - - [10/Aug/2021:09:18:27 +0900] "-" 408 -
::1 - - [10/Aug/2021:09:19:27 +0900] "GET /todos2/ HTTP/1.1" 304 -
::1 - - [10/Aug/2021:09:19:27 +0900] "GET /runtime.9296b5b1445da6c24041.js HTTP/1.1" 404 196
::1 - - [10/Aug/2021:09:19:27 +0900] "GET /polyfills.8784e5154013fa9e7c74.js HTTP/1.1" 404 196
::1 - - [10/Aug/2021:09:19:27 +0900] "GET /styles.c4f35588efce5affa0b9.css HTTP/1.1" 404 196
::1 - - [10/Aug/2021:09:19:27 +0900] "GET /main.1a1e6ca6ba53664ebe88.js HTTP/1.1" 404 196
::1 - - [10/Aug/2021:09:19:30 +0900] "GET /todos2/ HTTP/1.1" 200 2000
::1 - - [10/Aug/2021:09:19:30 +0900] "GET /polyfills.8784e5154013fa9e7c74.js HTTP/1.1" 404 196
::1 - - [10/Aug/2021:09:19:30 +0900] "GET /runtime.9296b5b1445da6c24041.js HTTP/1.1" 404 196
::1 - - [10/Aug/2021:09:19:30 +0900] "GET /styles.c4f35588efce5affa0b9.css HTTP/1.1" 404 196
::1 - - [10/Aug/2021:09:19:30 +0900] "GET /main.1a1e6ca6ba53664ebe88.js HTTP/1.1" 404 196
::1 - - [10/Aug/2021:09:19:30 +0900] "GET /favicon.ico HTTP/1.1" 404 196
::1 - - [10/Aug/2021:09:19:34 +0900] "GET / HTTP/1.1" 200 235
::1 - - [10/Aug/2021:09:19:36 +0900] "GET /old/ HTTP/1.1" 200 45
::1 - - [10/Aug/2021:09:19:39 +0900] "GET /polyfills.8784e5154013fa9e7c74.js HTTP/1.1" 404 196
::1 - - [10/Aug/2021:09:19:39 +0900] "GET /runtime.9296b5b1445da6c24041.js HTTP/1.1" 404 196
::1 - - [10/Aug/2021:09:19:39 +0900] "GET /main.1a1e6ca6ba53664ebe88.js HTTP/1.1" 404 196
::1 - - [10/Aug/2021:09:19:39 +0900] "GET /styles.c4f35588efce5affa0b9.css HTTP/1.1" 404 196
::1 - - [10/Aug/2021:09:21:25 +0900] "GET /todos2/ HTTP/1.1" 304 -
::1 - - [10/Aug/2021:09:21:25 +0900] "GET /runtime.9296b5b1445da6c24041.js HTTP/1.1" 404 196
::1 - - [10/Aug/2021:09:21:25 +0900] "GET /polyfills.8784e5154013fa9e7c74.js HTTP/1.1" 404 196
::1 - - [10/Aug/2021:09:21:25 +0900] "GET /styles.c4f35588efce5affa0b9.css HTTP/1.1" 404 196
::1 - - [10/Aug/2021:09:21:25 +0900] "GET /main.1a1e6ca6ba53664ebe88.js HTTP/1.1" 404 196
::1 - - [10/Aug/2021:09:22:10 +0900] "GET /todos2/ HTTP/1.1" 200 2001
::1 - - [10/Aug/2021:09:22:10 +0900] "GET /todos2/styles.c4f35588efce5affa0b9.css HTTP/1.1" 200 143066
::1 - - [10/Aug/2021:09:22:10 +0900] "GET /todos2/runtime.9296b5b1445da6c24041.js HTTP/1.1" 200 1019
::1 - - [10/Aug/2021:09:22:10 +0900] "GET /todos2/polyfills.8784e5154013fa9e7c74.js HTTP/1.1" 200 36799
::1 - - [10/Aug/2021:09:22:10 +0900] "GET /todos2/main.1a1e6ca6ba53664ebe88.js HTTP/1.1" 200 274011
::1 - - [10/Aug/2021:09:22:10 +0900] "GET /todos2/favicon.ico HTTP/1.1" 200 948
::1 - - [10/Aug/2021:09:22:14 +0900] "GET / HTTP/1.1" 200 235
::1 - - [10/Aug/2021:09:22:16 +0900] "GET /todos2/ HTTP/1.1" 304 -
::1 - - [10/Aug/2021:09:22:16 +0900] "GET /todos2/runtime.9296b5b1445da6c24041.js HTTP/1.1" 304 -
::1 - - [10/Aug/2021:09:22:16 +0900] "GET /todos2/polyfills.8784e5154013fa9e7c74.js HTTP/1.1" 304 -
::1 - - [10/Aug/2021:09:22:16 +0900] "GET /todos2/main.1a1e6ca6ba53664ebe88.js HTTP/1.1" 304 -
::1 - - [10/Aug/2021:09:22:16 +0900] "GET /todos2/styles.c4f35588efce5affa0b9.css HTTP/1.1" 304 -
::1 - - [10/Aug/2021:22:27:27 +0900] "GET / HTTP/1.1" 200 235
::1 - - [11/Aug/2021:22:37:26 +0900] "GET /todos2/ HTTP/1.1" 304 -
::1 - - [11/Aug/2021:22:37:27 +0900] "GET /todos2/runtime.9296b5b1445da6c24041.js HTTP/1.1" 304 -
::1 - - [11/Aug/2021:22:37:27 +0900] "GET /todos2/styles.c4f35588efce5affa0b9.css HTTP/1.1" 304 -
::1 - - [11/Aug/2021:22:37:27 +0900] "GET /todos2/polyfills.8784e5154013fa9e7c74.js HTTP/1.1" 304 -
::1 - - [11/Aug/2021:22:37:27 +0900] "GET /todos2/main.1a1e6ca6ba53664ebe88.js HTTP/1.1" 304 -
::1 - - [11/Aug/2021:22:47:18 +0900] "GET /todos2/ HTTP/1.1" 200 2001
::1 - - [11/Aug/2021:22:47:18 +0900] "GET /todos2/runtime.9296b5b1445da6c24041.js HTTP/1.1" 200 1019
::1 - - [11/Aug/2021:22:47:18 +0900] "GET /todos2/styles.c4f35588efce5affa0b9.css HTTP/1.1" 200 143066
::1 - - [11/Aug/2021:22:47:18 +0900] "GET /todos2/main.052c5a2b558beee89a6f.js HTTP/1.1" 200 273874
::1 - - [11/Aug/2021:22:47:18 +0900] "GET /todos2/polyfills.8784e5154013fa9e7c74.js HTTP/1.1" 200 36799
::1 - - [11/Aug/2021:22:47:18 +0900] "GET /todos2/favicon.ico HTTP/1.1" 200 948
::1 - - [11/Aug/2021:22:47:21 +0900] "GET /todos2/ HTTP/1.1" 200 2001
::1 - - [11/Aug/2021:22:47:21 +0900] "GET /todos2/runtime.9296b5b1445da6c24041.js HTTP/1.1" 200 1019
::1 - - [11/Aug/2021:22:47:21 +0900] "GET /todos2/polyfills.8784e5154013fa9e7c74.js HTTP/1.1" 200 36799
::1 - - [11/Aug/2021:22:47:21 +0900] "GET /todos2/main.052c5a2b558beee89a6f.js HTTP/1.1" 200 273874
::1 - - [11/Aug/2021:22:47:21 +0900] "GET /todos2/styles.c4f35588efce5affa0b9.css HTTP/1.1" 200 143066
::1 - - [11/Aug/2021:22:47:21 +0900] "GET /todos2/favicon.ico HTTP/1.1" 200 948
::1 - - [11/Aug/2021:22:54:09 +0900] "GET /todos2/ HTTP/1.1" 200 2001
::1 - - [11/Aug/2021:22:54:09 +0900] "GET /todos2/runtime.9296b5b1445da6c24041.js HTTP/1.1" 200 1019
::1 - - [11/Aug/2021:22:54:09 +0900] "GET /todos2/polyfills.8784e5154013fa9e7c74.js HTTP/1.1" 200 36799
::1 - - [11/Aug/2021:22:54:09 +0900] "GET /todos2/styles.c4f35588efce5affa0b9.css HTTP/1.1" 200 143066
::1 - - [11/Aug/2021:22:54:09 +0900] "GET /todos2/main.052c5a2b558beee89a6f.js HTTP/1.1" 200 273874
::1 - - [11/Aug/2021:22:54:09 +0900] "GET /todos2/favicon.ico HTTP/1.1" 200 948
::1 - - [11/Aug/2021:22:56:00 +0900] "GET /todos2/ HTTP/1.1" 200 2001
::1 - - [11/Aug/2021:22:56:00 +0900] "GET /todos2/runtime.9296b5b1445da6c24041.js HTTP/1.1" 200 1019
::1 - - [11/Aug/2021:22:56:00 +0900] "GET /todos2/polyfills.8784e5154013fa9e7c74.js HTTP/1.1" 200 36799
::1 - - [11/Aug/2021:22:56:00 +0900] "GET /todos2/main.052c5a2b558beee89a6f.js HTTP/1.1" 200 273874
::1 - - [11/Aug/2021:22:56:00 +0900] "GET /todos2/styles.c4f35588efce5affa0b9.css HTTP/1.1" 200 143066
::1 - - [11/Aug/2021:22:56:01 +0900] "GET /todos2/favicon.ico HTTP/1.1" 200 948
::1 - - [11/Aug/2021:22:57:21 +0900] "GET /todos2/ HTTP/1.1" 200 2001
::1 - - [11/Aug/2021:22:57:21 +0900] "GET /todos2/runtime.9296b5b1445da6c24041.js HTTP/1.1" 200 1019
::1 - - [11/Aug/2021:22:57:21 +0900] "GET /todos2/polyfills.8784e5154013fa9e7c74.js HTTP/1.1" 200 36799
::1 - - [11/Aug/2021:22:57:21 +0900] "GET /todos2/main.052c5a2b558beee89a6f.js HTTP/1.1" 200 273874
::1 - - [11/Aug/2021:22:57:21 +0900] "GET /todos2/styles.c4f35588efce5affa0b9.css HTTP/1.1" 200 143066
::1 - - [11/Aug/2021:22:57:21 +0900] "GET /todos2/ HTTP/1.1" 200 2001
::1 - - [11/Aug/2021:22:57:21 +0900] "GET /todos2/runtime.9296b5b1445da6c24041.js HTTP/1.1" 200 1019
::1 - - [11/Aug/2021:22:57:21 +0900] "GET /todos2/main.052c5a2b558beee89a6f.js HTTP/1.1" 200 273874
::1 - - [11/Aug/2021:22:57:21 +0900] "GET /todos2/styles.c4f35588efce5affa0b9.css HTTP/1.1" 200 143066
::1 - - [11/Aug/2021:22:57:21 +0900] "GET /todos2/polyfills.8784e5154013fa9e7c74.js HTTP/1.1" 200 36799
::1 - - [11/Aug/2021:22:57:21 +0900] "GET /todos2/favicon.ico HTTP/1.1" 200 948
::1 - - [11/Aug/2021:22:57:22 +0900] "GET /todos2/ HTTP/1.1" 200 2001
::1 - - [11/Aug/2021:22:57:22 +0900] "GET /todos2/runtime.9296b5b1445da6c24041.js HTTP/1.1" 200 1019
::1 - - [11/Aug/2021:22:57:22 +0900] "GET /todos2/polyfills.8784e5154013fa9e7c74.js HTTP/1.1" 200 36799
::1 - - [11/Aug/2021:22:57:22 +0900] "GET /todos2/main.052c5a2b558beee89a6f.js HTTP/1.1" 200 273874
::1 - - [11/Aug/2021:22:57:22 +0900] "GET /todos2/styles.c4f35588efce5affa0b9.css HTTP/1.1" 200 143066
::1 - - [11/Aug/2021:22:57:22 +0900] "GET /todos2/ HTTP/1.1" 200 2001
::1 - - [11/Aug/2021:22:57:22 +0900] "GET /todos2/runtime.9296b5b1445da6c24041.js HTTP/1.1" 200 1019
::1 - - [11/Aug/2021:22:57:22 +0900] "GET /todos2/polyfills.8784e5154013fa9e7c74.js HTTP/1.1" 200 36799
::1 - - [11/Aug/2021:22:57:22 +0900] "GET /todos2/styles.c4f35588efce5affa0b9.css HTTP/1.1" 200 143066
::1 - - [11/Aug/2021:22:57:22 +0900] "GET /todos2/main.052c5a2b558beee89a6f.js HTTP/1.1" 200 273874
::1 - - [11/Aug/2021:22:57:22 +0900] "GET /todos2/favicon.ico HTTP/1.1" 200 948
::1 - - [11/Aug/2021:22:57:28 +0900] "GET /todos2/login HTTP/1.1" 404 196
::1 - - [11/Aug/2021:22:57:28 +0900] "GET /favicon.ico HTTP/1.1" 404 196
::1 - - [11/Aug/2021:22:57:28 +0900] "GET /todos2/login HTTP/1.1" 404 196
::1 - - [11/Aug/2021:22:57:28 +0900] "GET /favicon.ico HTTP/1.1" 404 196
::1 - - [11/Aug/2021:22:57:32 +0900] "GET /todos2/login HTTP/1.1" 404 196
::1 - - [11/Aug/2021:23:04:04 +0900] "GET /todos2/ HTTP/1.1" 200 2001
::1 - - [11/Aug/2021:23:04:04 +0900] "GET /todos2/runtime.9296b5b1445da6c24041.js HTTP/1.1" 200 1019
::1 - - [11/Aug/2021:23:04:04 +0900] "GET /todos2/polyfills.8784e5154013fa9e7c74.js HTTP/1.1" 200 36799
::1 - - [11/Aug/2021:23:04:04 +0900] "GET /todos2/styles.c4f35588efce5affa0b9.css HTTP/1.1" 200 143066
::1 - - [11/Aug/2021:23:04:04 +0900] "GET /todos2/main.052c5a2b558beee89a6f.js HTTP/1.1" 200 273874
::1 - - [11/Aug/2021:23:04:04 +0900] "GET /todos2/ HTTP/1.1" 200 2001
::1 - - [11/Aug/2021:23:04:04 +0900] "GET /todos2/runtime.9296b5b1445da6c24041.js HTTP/1.1" 200 1019
::1 - - [11/Aug/2021:23:04:04 +0900] "GET /todos2/polyfills.8784e5154013fa9e7c74.js HTTP/1.1" 200 36799
::1 - - [11/Aug/2021:23:04:04 +0900] "GET /todos2/styles.c4f35588efce5affa0b9.css HTTP/1.1" 200 143066
::1 - - [11/Aug/2021:23:04:04 +0900] "GET /todos2/main.052c5a2b558beee89a6f.js HTTP/1.1" 200 273874
::1 - - [11/Aug/2021:23:04:04 +0900] "GET /todos2/favicon.ico HTTP/1.1" 200 948
::1 - - [11/Aug/2021:23:04:15 +0900] "GET /todos2/login HTTP/1.1" 404 196
::1 - - [11/Aug/2021:23:04:15 +0900] "GET /favicon.ico HTTP/1.1" 404 196
::1 - - [11/Aug/2021:23:04:56 +0900] "GET /todos2/logout HTTP/1.1" 404 196
::1 - - [11/Aug/2021:23:05:03 +0900] "GET /todos2 HTTP/1.1" 301 232
::1 - - [11/Aug/2021:23:05:12 +0900] "GET /todos2/login HTTP/1.1" 404 196
::1 - - [12/Aug/2021:08:47:41 +0900] "-" 408 -
::1 - - [12/Aug/2021:08:59:34 +0900] "GET /todos2/ HTTP/1.1" 304 -
::1 - - [12/Aug/2021:08:59:34 +0900] "GET /todos2/runtime.9296b5b1445da6c24041.js HTTP/1.1" 304 -
::1 - - [12/Aug/2021:08:59:34 +0900] "GET /todos2/polyfills.8784e5154013fa9e7c74.js HTTP/1.1" 304 -
::1 - - [12/Aug/2021:08:59:34 +0900] "GET /todos2/main.052c5a2b558beee89a6f.js HTTP/1.1" 304 -
::1 - - [12/Aug/2021:08:59:34 +0900] "GET /todos2/styles.c4f35588efce5affa0b9.css HTTP/1.1" 304 -
::1 - - [12/Aug/2021:08:59:40 +0900] "GET /todos2/ HTTP/1.1" 200 2001
::1 - - [12/Aug/2021:08:59:41 +0900] "GET /todos2/runtime.9296b5b1445da6c24041.js HTTP/1.1" 200 1019
::1 - - [12/Aug/2021:08:59:41 +0900] "GET /todos2/polyfills.8784e5154013fa9e7c74.js HTTP/1.1" 200 36799
::1 - - [12/Aug/2021:08:59:41 +0900] "GET /todos2/styles.c4f35588efce5affa0b9.css HTTP/1.1" 200 143066
::1 - - [12/Aug/2021:08:59:41 +0900] "GET /todos2/main.052c5a2b558beee89a6f.js HTTP/1.1" 200 273874
::1 - - [12/Aug/2021:08:59:41 +0900] "GET /todos2/favicon.ico HTTP/1.1" 200 948
::1 - - [12/Aug/2021:08:59:50 +0900] "GET /todos2/login HTTP/1.1" 404 196
::1 - - [12/Aug/2021:08:59:51 +0900] "GET /favicon.ico HTTP/1.1" 404 196
::1 - - [12/Aug/2021:09:00:50 +0900] "-" 408 -
::1 - - [12/Aug/2021:09:00:56 +0900] "GET /todos2/todos HTTP/1.1" 404 196
::1 - - [12/Aug/2021:09:01:52 +0900] "GET /todos2/logout HTTP/1.1" 404 196
::1 - - [12/Aug/2021:09:02:04 +0900] "-" 408 -
::1 - - [12/Aug/2021:09:02:06 +0900] "GET /todos2/login HTTP/1.1" 404 196
::1 - - [12/Aug/2021:09:03:06 +0900] "-" 408 -
::1 - - [12/Aug/2021:09:03:28 +0900] "-" 408 -
::1 - - [12/Aug/2021:09:10:09 +0900] "GET /todos2/todos HTTP/1.1" 404 196
::1 - - [12/Aug/2021:09:10:15 +0900] "GET /todos2 HTTP/1.1" 301 232
::1 - - [12/Aug/2021:09:10:47 +0900] "GET /todos2/logout HTTP/1.1" 404 196
::1 - - [12/Aug/2021:09:11:24 +0900] "GET /todos2/login HTTP/1.1" 404 196
::1 - - [12/Aug/2021:09:12:01 +0900] "-" 408 -
::1 - - [12/Aug/2021:09:20:46 +0900] "GET /todos2/todos HTTP/1.1" 404 196
::1 - - [12/Aug/2021:09:21:24 +0900] "GET /todos2/todos HTTP/1.1" 404 196
::1 - - [12/Aug/2021:09:22:24 +0900] "-" 408 -
::1 - - [12/Aug/2021:09:32:04 +0900] "GET /todos2/todos HTTP/1.1" 404 196
::1 - - [12/Aug/2021:09:32:21 +0900] "GET /todos2/logout HTTP/1.1" 404 196
::1 - - [12/Aug/2021:09:33:00 +0900] "GET /todos2/login HTTP/1.1" 404 196
::1 - - [12/Aug/2021:09:33:08 +0900] "GET /todos2/login HTTP/1.1" 404 196
::1 - - [12/Aug/2021:09:34:08 +0900] "-" 408 -
::1 - - [12/Aug/2021:09:38:42 +0900] "GET /todos2/login HTTP/1.1" 404 196
::1 - - [12/Aug/2021:09:38:52 +0900] "GET /todos2/todos HTTP/1.1" 404 196
::1 - - [12/Aug/2021:09:39:48 +0900] "-" 408 -
::1 - - [12/Aug/2021:09:47:27 +0900] "GET /todos2/todos HTTP/1.1" 404 196
::1 - - [12/Aug/2021:09:47:32 +0900] "GET /todos2/ HTTP/1.1" 200 2007
::1 - - [12/Aug/2021:09:47:34 +0900] "GET /todos2/todos2/logout HTTP/1.1" 404 196
::1 - - [12/Aug/2021:09:47:37 +0900] "GET /todos2/todos2/logout HTTP/1.1" 404 196
::1 - - [12/Aug/2021:09:47:38 +0900] "GET /todos2/todos2/logout HTTP/1.1" 404 196
::1 - - [12/Aug/2021:09:47:39 +0900] "GET /todos2/todos2/logout HTTP/1.1" 404 196
::1 - - [12/Aug/2021:09:47:40 +0900] "GET /todos2/todos2/logout HTTP/1.1" 404 196
::1 - - [12/Aug/2021:09:47:45 +0900] "GET /todos2/todos HTTP/1.1" 404 196
::1 - - [12/Aug/2021:09:47:57 +0900] "GET /todos2/todos2/todos2 HTTP/1.1" 404 196
::1 - - [12/Aug/2021:09:48:07 +0900] "GET /todos2/todos2/ HTTP/1.1" 404 196
::1 - - [12/Aug/2021:09:48:07 +0900] "GET /favicon.ico HTTP/1.1" 404 196
::1 - - [12/Aug/2021:09:48:17 +0900] "GET /todos2/todos2/todos2 HTTP/1.1" 404 196
::1 - - [12/Aug/2021:09:48:17 +0900] "GET /favicon.ico HTTP/1.1" 404 196
::1 - - [12/Aug/2021:09:48:42 +0900] "GET /todos2/todos2/login HTTP/1.1" 404 196
::1 - - [12/Aug/2021:09:49:31 +0900] "GET /todos2/todos2/ HTTP/1.1" 404 196
::1 - - [12/Aug/2021:09:49:31 +0900] "GET /favicon.ico HTTP/1.1" 404 196
::1 - - [12/Aug/2021:09:49:34 +0900] "GET /todos2/ HTTP/1.1" 200 2001
::1 - - [12/Aug/2021:09:49:36 +0900] "GET /todos2/ HTTP/1.1" 200 2001
::1 - - [12/Aug/2021:09:49:36 +0900] "GET /todos2/styles.c4f35588efce5affa0b9.css HTTP/1.1" 200 143066
::1 - - [12/Aug/2021:09:49:36 +0900] "GET /todos2/runtime.9296b5b1445da6c24041.js HTTP/1.1" 200 1019
::1 - - [12/Aug/2021:09:49:36 +0900] "GET /todos2/polyfills.8784e5154013fa9e7c74.js HTTP/1.1" 200 36799
::1 - - [12/Aug/2021:09:49:36 +0900] "GET /todos2/main.052c5a2b558beee89a6f.js HTTP/1.1" 200 273874
::1 - - [12/Aug/2021:09:49:37 +0900] "GET /todos2/favicon.ico HTTP/1.1" 200 948
::1 - - [12/Aug/2021:09:49:46 +0900] "GET /todos2/todos HTTP/1.1" 404 196
::1 - - [12/Aug/2021:09:49:46 +0900] "GET /favicon.ico HTTP/1.1" 404 196
::1 - - [12/Aug/2021:09:50:46 +0900] "-" 408 -
::1 - - [12/Aug/2021:09:55:10 +0900] "GET /todos2/todos HTTP/1.1" 404 196
::1 - - [12/Aug/2021:09:55:11 +0900] "GET /todos2/todos HTTP/1.1" 404 196
::1 - - [12/Aug/2021:09:55:11 +0900] "GET /favicon.ico HTTP/1.1" 404 196
::1 - - [12/Aug/2021:09:55:14 +0900] "GET /todos2/ HTTP/1.1" 304 -
::1 - - [12/Aug/2021:09:55:14 +0900] "GET /todos2/runtime.9296b5b1445da6c24041.js HTTP/1.1" 304 -
::1 - - [12/Aug/2021:09:55:14 +0900] "GET /todos2/polyfills.8784e5154013fa9e7c74.js HTTP/1.1" 304 -
::1 - - [12/Aug/2021:09:55:14 +0900] "GET /todos2/main.052c5a2b558beee89a6f.js HTTP/1.1" 304 -
::1 - - [12/Aug/2021:09:55:14 +0900] "GET /todos2/styles.c4f35588efce5affa0b9.css HTTP/1.1" 304 -
::1 - - [12/Aug/2021:09:55:16 +0900] "GET /todos2/ HTTP/1.1" 200 2001
::1 - - [12/Aug/2021:09:55:16 +0900] "GET /todos2/runtime.9296b5b1445da6c24041.js HTTP/1.1" 200 1019
::1 - - [12/Aug/2021:09:55:16 +0900] "GET /todos2/polyfills.8784e5154013fa9e7c74.js HTTP/1.1" 200 36799
::1 - - [12/Aug/2021:09:55:16 +0900] "GET /todos2/main.052c5a2b558beee89a6f.js HTTP/1.1" 200 273874
::1 - - [12/Aug/2021:09:55:16 +0900] "GET /todos2/styles.c4f35588efce5affa0b9.css HTTP/1.1" 200 143066
::1 - - [12/Aug/2021:09:55:16 +0900] "GET /todos2/favicon.ico HTTP/1.1" 200 948
::1 - - [12/Aug/2021:09:55:17 +0900] "GET /todos2/ HTTP/1.1" 200 2001
::1 - - [12/Aug/2021:09:55:17 +0900] "GET /todos2/polyfills.8784e5154013fa9e7c74.js HTTP/1.1" 200 36799
::1 - - [12/Aug/2021:09:55:17 +0900] "GET /todos2/runtime.9296b5b1445da6c24041.js HTTP/1.1" 200 1019
::1 - - [12/Aug/2021:09:55:17 +0900] "GET /todos2/main.052c5a2b558beee89a6f.js HTTP/1.1" 200 273874
::1 - - [12/Aug/2021:09:55:17 +0900] "GET /todos2/styles.c4f35588efce5affa0b9.css HTTP/1.1" 200 143066
::1 - - [12/Aug/2021:09:55:17 +0900] "GET /todos2/favicon.ico HTTP/1.1" 200 948
::1 - - [12/Aug/2021:09:55:21 +0900] "GET /todos2/todos HTTP/1.1" 404 196
::1 - - [12/Aug/2021:09:55:21 +0900] "GET /favicon.ico HTTP/1.1" 404 196
::1 - - [12/Aug/2021:09:58:14 +0900] "GET /todos2/todos HTTP/1.1" 404 196
::1 - - [12/Aug/2021:09:58:17 +0900] "GET /todos2/todos HTTP/1.1" 404 196
::1 - - [12/Aug/2021:09:58:17 +0900] "GET /favicon.ico HTTP/1.1" 404 196
::1 - - [12/Aug/2021:09:59:14 +0900] "-" 408 -
::1 - - [12/Aug/2021:09:59:29 +0900] "GET /todos2/todos HTTP/1.1" 404 196
::1 - - [12/Aug/2021:09:59:29 +0900] "GET /favicon.ico HTTP/1.1" 404 196
::1 - - [12/Aug/2021:10:00:03 +0900] "GET /todos2/todos HTTP/1.1" 404 196
::1 - - [12/Aug/2021:10:00:03 +0900] "GET /todos2/todos HTTP/1.1" 404 196
::1 - - [12/Aug/2021:10:00:04 +0900] "GET /todos2/todos HTTP/1.1" 404 196
::1 - - [12/Aug/2021:10:00:04 +0900] "GET /favicon.ico HTTP/1.1" 404 196
::1 - - [12/Aug/2021:10:00:58 +0900] "GET /todos2/todos HTTP/1.1" 404 196
::1 - - [12/Aug/2021:10:01:00 +0900] "GET /todos2/todos HTTP/1.1" 404 196
::1 - - [12/Aug/2021:10:01:00 +0900] "GET /favicon.ico HTTP/1.1" 404 196
::1 - - [12/Aug/2021:10:01:02 +0900] "GET /todos2/ HTTP/1.1" 304 -
::1 - - [12/Aug/2021:10:01:02 +0900] "GET /todos2/runtime.9296b5b1445da6c24041.js HTTP/1.1" 304 -
::1 - - [12/Aug/2021:10:01:02 +0900] "GET /todos2/polyfills.8784e5154013fa9e7c74.js HTTP/1.1" 304 -
::1 - - [12/Aug/2021:10:01:02 +0900] "GET /todos2/main.052c5a2b558beee89a6f.js HTTP/1.1" 304 -
::1 - - [12/Aug/2021:10:01:02 +0900] "GET /todos2/styles.c4f35588efce5affa0b9.css HTTP/1.1" 304 -
::1 - - [12/Aug/2021:10:01:04 +0900] "GET /todos2/todos HTTP/1.1" 404 196
::1 - - [12/Aug/2021:10:01:22 +0900] "GET /todos2/ HTTP/1.1" 200 2001
::1 - - [12/Aug/2021:10:01:22 +0900] "GET /todos2/runtime.9296b5b1445da6c24041.js HTTP/1.1" 200 1019
::1 - - [12/Aug/2021:10:01:22 +0900] "GET /todos2/polyfills.8784e5154013fa9e7c74.js HTTP/1.1" 200 36799
::1 - - [12/Aug/2021:10:01:22 +0900] "GET /todos2/main.052c5a2b558beee89a6f.js HTTP/1.1" 200 273874
::1 - - [12/Aug/2021:10:01:22 +0900] "GET /todos2/styles.c4f35588efce5affa0b9.css HTTP/1.1" 200 143066
::1 - - [12/Aug/2021:10:01:22 +0900] "GET /todos2/favicon.ico HTTP/1.1" 200 948
::1 - - [12/Aug/2021:10:01:22 +0900] "GET /todos2/ HTTP/1.1" 200 2001
::1 - - [12/Aug/2021:10:01:22 +0900] "GET /todos2/runtime.9296b5b1445da6c24041.js HTTP/1.1" 200 1019
::1 - - [12/Aug/2021:10:01:22 +0900] "GET /todos2/polyfills.8784e5154013fa9e7c74.js HTTP/1.1" 200 36799
::1 - - [12/Aug/2021:10:01:22 +0900] "GET /todos2/main.052c5a2b558beee89a6f.js HTTP/1.1" 200 273874
::1 - - [12/Aug/2021:10:01:22 +0900] "GET /todos2/styles.c4f35588efce5affa0b9.css HTTP/1.1" 200 143066
::1 - - [12/Aug/2021:10:01:23 +0900] "GET /todos2/favicon.ico HTTP/1.1" 200 948
::1 - - [12/Aug/2021:10:01:23 +0900] "GET /todos2/ HTTP/1.1" 200 2001
::1 - - [12/Aug/2021:10:01:23 +0900] "GET /todos2/runtime.9296b5b1445da6c24041.js HTTP/1.1" 200 1019
::1 - - [12/Aug/2021:10:01:23 +0900] "GET /todos2/polyfills.8784e5154013fa9e7c74.js HTTP/1.1" 200 36799
::1 - - [12/Aug/2021:10:01:23 +0900] "GET /todos2/main.052c5a2b558beee89a6f.js HTTP/1.1" 200 273874
::1 - - [12/Aug/2021:10:01:23 +0900] "GET /todos2/styles.c4f35588efce5affa0b9.css HTTP/1.1" 200 143066
::1 - - [12/Aug/2021:10:01:23 +0900] "GET /todos2/favicon.ico HTTP/1.1" 200 948
::1 - - [12/Aug/2021:10:01:42 +0900] "GET /todos2/ HTTP/1.1" 304 -
::1 - - [12/Aug/2021:10:01:42 +0900] "GET /todos2/favicon.ico HTTP/1.1" 200 948
::1 - - [12/Aug/2021:10:01:44 +0900] "GET /todos2/ HTTP/1.1" 200 2001
::1 - - [12/Aug/2021:10:01:44 +0900] "GET /todos2/runtime.9296b5b1445da6c24041.js HTTP/1.1" 200 1019
::1 - - [12/Aug/2021:10:01:44 +0900] "GET /todos2/polyfills.8784e5154013fa9e7c74.js HTTP/1.1" 200 36799
::1 - - [12/Aug/2021:10:01:44 +0900] "GET /todos2/main.052c5a2b558beee89a6f.js HTTP/1.1" 200 273874
::1 - - [12/Aug/2021:10:01:44 +0900] "GET /todos2/styles.c4f35588efce5affa0b9.css HTTP/1.1" 200 143066
::1 - - [12/Aug/2021:10:01:44 +0900] "GET /todos2/favicon.ico HTTP/1.1" 200 948
::1 - - [12/Aug/2021:10:01:44 +0900] "GET /todos2/ HTTP/1.1" 200 2001
::1 - - [12/Aug/2021:10:01:44 +0900] "GET /todos2/runtime.9296b5b1445da6c24041.js HTTP/1.1" 200 1019
::1 - - [12/Aug/2021:10:01:44 +0900] "GET /todos2/polyfills.8784e5154013fa9e7c74.js HTTP/1.1" 200 36799
::1 - - [12/Aug/2021:10:01:44 +0900] "GET /todos2/main.052c5a2b558beee89a6f.js HTTP/1.1" 200 273874
::1 - - [12/Aug/2021:10:01:44 +0900] "GET /todos2/styles.c4f35588efce5affa0b9.css HTTP/1.1" 200 143066
::1 - - [12/Aug/2021:10:01:44 +0900] "GET /todos2/favicon.ico HTTP/1.1" 200 948
::1 - - [12/Aug/2021:10:01:45 +0900] "GET /todos2/ HTTP/1.1" 200 2001
::1 - - [12/Aug/2021:10:01:45 +0900] "GET /todos2/runtime.9296b5b1445da6c24041.js HTTP/1.1" 200 1019
::1 - - [12/Aug/2021:10:01:45 +0900] "GET /todos2/polyfills.8784e5154013fa9e7c74.js HTTP/1.1" 200 36799
::1 - - [12/Aug/2021:10:01:45 +0900] "GET /todos2/main.052c5a2b558beee89a6f.js HTTP/1.1" 200 273874
::1 - - [12/Aug/2021:10:01:45 +0900] "GET /todos2/styles.c4f35588efce5affa0b9.css HTTP/1.1" 200 143066
::1 - - [12/Aug/2021:10:01:45 +0900] "GET /todos2/favicon.ico HTTP/1.1" 200 948
::1 - - [12/Aug/2021:10:01:45 +0900] "GET /todos2/ HTTP/1.1" 200 2001
::1 - - [12/Aug/2021:10:01:45 +0900] "GET /todos2/runtime.9296b5b1445da6c24041.js HTTP/1.1" 200 1019
::1 - - [12/Aug/2021:10:01:45 +0900] "GET /todos2/polyfills.8784e5154013fa9e7c74.js HTTP/1.1" 200 36799
::1 - - [12/Aug/2021:10:01:45 +0900] "GET /todos2/main.052c5a2b558beee89a6f.js HTTP/1.1" 200 273874
::1 - - [12/Aug/2021:10:01:45 +0900] "GET /todos2/styles.c4f35588efce5affa0b9.css HTTP/1.1" 200 143066
::1 - - [12/Aug/2021:10:01:45 +0900] "GET /todos2/favicon.ico HTTP/1.1" 200 948
::1 - - [12/Aug/2021:10:01:56 +0900] "GET /todos2/todos HTTP/1.1" 404 196
::1 - - [12/Aug/2021:10:01:56 +0900] "GET /favicon.ico HTTP/1.1" 404 196
::1 - - [12/Aug/2021:10:02:04 +0900] "GET /todos2/ HTTP/1.1" 200 2001
::1 - - [12/Aug/2021:10:02:04 +0900] "GET /todos2/runtime.9296b5b1445da6c24041.js HTTP/1.1" 200 1019
::1 - - [12/Aug/2021:10:02:04 +0900] "GET /todos2/polyfills.8784e5154013fa9e7c74.js HTTP/1.1" 200 36799
::1 - - [12/Aug/2021:10:02:04 +0900] "GET /todos2/main.052c5a2b558beee89a6f.js HTTP/1.1" 200 273874
::1 - - [12/Aug/2021:10:02:04 +0900] "GET /todos2/styles.c4f35588efce5affa0b9.css HTTP/1.1" 200 143066
::1 - - [12/Aug/2021:10:02:04 +0900] "GET /todos2/favicon.ico HTTP/1.1" 200 948
::1 - - [12/Aug/2021:10:02:04 +0900] "GET /todos2/ HTTP/1.1" 200 2001
::1 - - [12/Aug/2021:10:02:04 +0900] "GET /todos2/polyfills.8784e5154013fa9e7c74.js HTTP/1.1" 200 36799
::1 - - [12/Aug/2021:10:02:04 +0900] "GET /todos2/runtime.9296b5b1445da6c24041.js HTTP/1.1" 200 1019
::1 - - [12/Aug/2021:10:02:04 +0900] "GET /todos2/main.052c5a2b558beee89a6f.js HTTP/1.1" 200 273874
::1 - - [12/Aug/2021:10:02:04 +0900] "GET /todos2/styles.c4f35588efce5affa0b9.css HTTP/1.1" 200 143066
::1 - - [12/Aug/2021:10:02:04 +0900] "GET /todos2/favicon.ico HTTP/1.1" 200 948
::1 - - [12/Aug/2021:10:03:27 +0900] "GET /todos2/ HTTP/1.1" 304 -
::1 - - [12/Aug/2021:10:03:27 +0900] "GET /todos2/favicon.ico HTTP/1.1" 200 948
::1 - - [12/Aug/2021:10:03:28 +0900] "GET /todos2/ HTTP/1.1" 200 2001
::1 - - [12/Aug/2021:10:03:28 +0900] "GET /todos2/runtime.9296b5b1445da6c24041.js HTTP/1.1" 200 1019
::1 - - [12/Aug/2021:10:03:28 +0900] "GET /todos2/polyfills.8784e5154013fa9e7c74.js HTTP/1.1" 200 36799
::1 - - [12/Aug/2021:10:03:28 +0900] "GET /todos2/main.052c5a2b558beee89a6f.js HTTP/1.1" 200 273874
::1 - - [12/Aug/2021:10:03:28 +0900] "GET /todos2/styles.c4f35588efce5affa0b9.css HTTP/1.1" 200 143066
::1 - - [12/Aug/2021:10:03:29 +0900] "GET /todos2/favicon.ico HTTP/1.1" 200 948
::1 - - [12/Aug/2021:10:03:29 +0900] "GET /todos2/ HTTP/1.1" 200 2001
::1 - - [12/Aug/2021:10:03:29 +0900] "GET /todos2/runtime.9296b5b1445da6c24041.js HTTP/1.1" 200 1019
::1 - - [12/Aug/2021:10:03:29 +0900] "GET /todos2/polyfills.8784e5154013fa9e7c74.js HTTP/1.1" 200 36799
::1 - - [12/Aug/2021:10:03:29 +0900] "GET /todos2/main.052c5a2b558beee89a6f.js HTTP/1.1" 200 273874
::1 - - [12/Aug/2021:10:03:29 +0900] "GET /todos2/styles.c4f35588efce5affa0b9.css HTTP/1.1" 200 143066
::1 - - [12/Aug/2021:10:03:29 +0900] "GET /todos2/favicon.ico HTTP/1.1" 200 948
::1 - - [12/Aug/2021:10:03:33 +0900] "GET /todos2/todos HTTP/1.1" 404 196
::1 - - [12/Aug/2021:10:03:33 +0900] "GET /favicon.ico HTTP/1.1" 404 196
::1 - - [12/Aug/2021:10:03:38 +0900] "GET /todos2/ HTTP/1.1" 200 2001
::1 - - [12/Aug/2021:10:03:38 +0900] "GET /todos2/runtime.9296b5b1445da6c24041.js HTTP/1.1" 200 1019
::1 - - [12/Aug/2021:10:03:38 +0900] "GET /todos2/polyfills.8784e5154013fa9e7c74.js HTTP/1.1" 200 36799
::1 - - [12/Aug/2021:10:03:38 +0900] "GET /todos2/styles.c4f35588efce5affa0b9.css HTTP/1.1" 200 143066
::1 - - [12/Aug/2021:10:03:38 +0900] "GET /todos2/main.052c5a2b558beee89a6f.js HTTP/1.1" 200 273874
::1 - - [12/Aug/2021:10:03:38 +0900] "GET /todos2/favicon.ico HTTP/1.1" 200 948
::1 - - [12/Aug/2021:10:04:38 +0900] "GET /todos2/ HTTP/1.1" 304 -
::1 - - [12/Aug/2021:10:04:38 +0900] "GET /todos2/favicon.ico HTTP/1.1" 200 948
::1 - - [12/Aug/2021:10:04:39 +0900] "GET /todos2/ HTTP/1.1" 200 2001
::1 - - [12/Aug/2021:10:04:39 +0900] "GET /todos2/runtime.9296b5b1445da6c24041.js HTTP/1.1" 200 1019
::1 - - [12/Aug/2021:10:04:39 +0900] "GET /todos2/polyfills.8784e5154013fa9e7c74.js HTTP/1.1" 200 36799
::1 - - [12/Aug/2021:10:04:39 +0900] "GET /todos2/main.052c5a2b558beee89a6f.js HTTP/1.1" 200 273874
::1 - - [12/Aug/2021:10:04:39 +0900] "GET /todos2/styles.c4f35588efce5affa0b9.css HTTP/1.1" 200 143066
::1 - - [12/Aug/2021:10:04:39 +0900] "GET /todos2/favicon.ico HTTP/1.1" 200 948
::1 - - [12/Aug/2021:10:04:39 +0900] "GET /todos2/ HTTP/1.1" 200 2001
::1 - - [12/Aug/2021:10:04:39 +0900] "GET /todos2/runtime.9296b5b1445da6c24041.js HTTP/1.1" 200 1019
::1 - - [12/Aug/2021:10:04:39 +0900] "GET /todos2/polyfills.8784e5154013fa9e7c74.js HTTP/1.1" 200 36799
::1 - - [12/Aug/2021:10:04:39 +0900] "GET /todos2/main.052c5a2b558beee89a6f.js HTTP/1.1" 200 273874
::1 - - [12/Aug/2021:10:04:39 +0900] "GET /todos2/styles.c4f35588efce5affa0b9.css HTTP/1.1" 200 143066
::1 - - [12/Aug/2021:10:04:39 +0900] "GET /todos2/favicon.ico HTTP/1.1" 200 948
::1 - - [12/Aug/2021:10:04:40 +0900] "GET /todos2/ HTTP/1.1" 200 2001
::1 - - [12/Aug/2021:10:04:40 +0900] "GET /todos2/runtime.9296b5b1445da6c24041.js HTTP/1.1" 200 1019
::1 - - [12/Aug/2021:10:04:40 +0900] "GET /todos2/polyfills.8784e5154013fa9e7c74.js HTTP/1.1" 200 36799
::1 - - [12/Aug/2021:10:04:40 +0900] "GET /todos2/main.052c5a2b558beee89a6f.js HTTP/1.1" 200 273874
::1 - - [12/Aug/2021:10:04:40 +0900] "GET /todos2/styles.c4f35588efce5affa0b9.css HTTP/1.1" 200 143066
::1 - - [12/Aug/2021:10:04:40 +0900] "GET /todos2/favicon.ico HTTP/1.1" 200 948
::1 - - [12/Aug/2021:10:04:40 +0900] "GET /todos2/ HTTP/1.1" 200 2001
::1 - - [12/Aug/2021:10:04:40 +0900] "GET /todos2/runtime.9296b5b1445da6c24041.js HTTP/1.1" 200 1019
::1 - - [12/Aug/2021:10:04:40 +0900] "GET /todos2/polyfills.8784e5154013fa9e7c74.js HTTP/1.1" 200 36799
::1 - - [12/Aug/2021:10:04:40 +0900] "GET /todos2/styles.c4f35588efce5affa0b9.css HTTP/1.1" 200 143066
::1 - - [12/Aug/2021:10:04:40 +0900] "GET /todos2/main.052c5a2b558beee89a6f.js HTTP/1.1" 200 273874
::1 - - [12/Aug/2021:10:04:40 +0900] "GET /todos2/favicon.ico HTTP/1.1" 200 948
::1 - - [12/Aug/2021:10:04:40 +0900] "GET /todos2/ HTTP/1.1" 200 2001
::1 - - [12/Aug/2021:10:04:40 +0900] "GET /todos2/runtime.9296b5b1445da6c24041.js HTTP/1.1" 200 1019
::1 - - [12/Aug/2021:10:04:40 +0900] "GET /todos2/polyfills.8784e5154013fa9e7c74.js HTTP/1.1" 200 36799
::1 - - [12/Aug/2021:10:04:40 +0900] "GET /todos2/main.052c5a2b558beee89a6f.js HTTP/1.1" 200 273874
::1 - - [12/Aug/2021:10:04:40 +0900] "GET /todos2/styles.c4f35588efce5affa0b9.css HTTP/1.1" 200 143066
::1 - - [12/Aug/2021:10:04:41 +0900] "GET /todos2/favicon.ico HTTP/1.1" 200 948
::1 - - [12/Aug/2021:10:04:44 +0900] "GET /todos2/todos HTTP/1.1" 404 196
::1 - - [12/Aug/2021:10:04:44 +0900] "GET /favicon.ico HTTP/1.1" 404 196
::1 - - [12/Aug/2021:10:05:00 +0900] "GET /todos2/todos HTTP/1.1" 404 196
::1 - - [12/Aug/2021:10:05:05 +0900] "GET /todos2/ HTTP/1.1" 200 2001
::1 - - [12/Aug/2021:10:05:05 +0900] "GET /todos2/runtime.9296b5b1445da6c24041.js HTTP/1.1" 200 1019
::1 - - [12/Aug/2021:10:05:05 +0900] "GET /todos2/polyfills.8784e5154013fa9e7c74.js HTTP/1.1" 200 36799
::1 - - [12/Aug/2021:10:05:05 +0900] "GET /todos2/styles.c4f35588efce5affa0b9.css HTTP/1.1" 200 143066
::1 - - [12/Aug/2021:10:05:05 +0900] "GET /todos2/main.052c5a2b558beee89a6f.js HTTP/1.1" 200 273874
::1 - - [12/Aug/2021:10:05:06 +0900] "GET /todos2/favicon.ico HTTP/1.1" 200 948
::1 - - [12/Aug/2021:10:05:06 +0900] "GET /todos2/ HTTP/1.1" 200 2001
::1 - - [12/Aug/2021:10:05:06 +0900] "GET /todos2/runtime.9296b5b1445da6c24041.js HTTP/1.1" 200 1019
::1 - - [12/Aug/2021:10:05:06 +0900] "GET /todos2/polyfills.8784e5154013fa9e7c74.js HTTP/1.1" 200 36799
::1 - - [12/Aug/2021:10:05:06 +0900] "GET /todos2/main.052c5a2b558beee89a6f.js HTTP/1.1" 200 273874
::1 - - [12/Aug/2021:10:05:06 +0900] "GET /todos2/styles.c4f35588efce5affa0b9.css HTTP/1.1" 200 143066
::1 - - [12/Aug/2021:10:05:06 +0900] "GET /todos2/favicon.ico HTTP/1.1" 200 948
::1 - - [12/Aug/2021:10:05:06 +0900] "GET /todos2/ HTTP/1.1" 200 2001
::1 - - [12/Aug/2021:10:05:06 +0900] "GET /todos2/runtime.9296b5b1445da6c24041.js HTTP/1.1" 200 1019
::1 - - [12/Aug/2021:10:05:06 +0900] "GET /todos2/polyfills.8784e5154013fa9e7c74.js HTTP/1.1" 200 36799
::1 - - [12/Aug/2021:10:05:06 +0900] "GET /todos2/main.052c5a2b558beee89a6f.js HTTP/1.1" 200 273874
::1 - - [12/Aug/2021:10:05:06 +0900] "GET /todos2/styles.c4f35588efce5affa0b9.css HTTP/1.1" 200 143066
::1 - - [12/Aug/2021:10:05:06 +0900] "GET /todos2/favicon.ico HTTP/1.1" 200 948
::1 - - [12/Aug/2021:10:05:06 +0900] "GET /todos2/ HTTP/1.1" 200 2001
::1 - - [12/Aug/2021:10:05:06 +0900] "GET /todos2/runtime.9296b5b1445da6c24041.js HTTP/1.1" 200 1019
::1 - - [12/Aug/2021:10:05:06 +0900] "GET /todos2/polyfills.8784e5154013fa9e7c74.js HTTP/1.1" 200 36799
::1 - - [12/Aug/2021:10:05:06 +0900] "GET /todos2/main.052c5a2b558beee89a6f.js HTTP/1.1" 200 273874
::1 - - [12/Aug/2021:10:05:06 +0900] "GET /todos2/styles.c4f35588efce5affa0b9.css HTTP/1.1" 200 143066
::1 - - [12/Aug/2021:10:05:06 +0900] "GET /todos2/favicon.ico HTTP/1.1" 200 948
::1 - - [12/Aug/2021:10:05:09 +0900] "GET /todos2/todos HTTP/1.1" 404 196
::1 - - [12/Aug/2021:10:05:09 +0900] "GET /favicon.ico HTTP/1.1" 404 196
::1 - - [12/Aug/2021:10:06:15 +0900] "GET /todos2/ HTTP/1.1" 304 -
::1 - - [12/Aug/2021:10:06:15 +0900] "GET /todos2/favicon.ico HTTP/1.1" 200 948
::1 - - [12/Aug/2021:10:06:16 +0900] "GET /todos2/ HTTP/1.1" 200 2001
::1 - - [12/Aug/2021:10:06:17 +0900] "GET /todos2/polyfills.8784e5154013fa9e7c74.js HTTP/1.1" 200 36799
::1 - - [12/Aug/2021:10:06:17 +0900] "GET /todos2/runtime.9296b5b1445da6c24041.js HTTP/1.1" 200 1019
::1 - - [12/Aug/2021:10:06:17 +0900] "GET /todos2/main.052c5a2b558beee89a6f.js HTTP/1.1" 200 273874
::1 - - [12/Aug/2021:10:06:17 +0900] "GET /todos2/styles.c4f35588efce5affa0b9.css HTTP/1.1" 200 143066
::1 - - [12/Aug/2021:10:06:17 +0900] "GET /todos2/favicon.ico HTTP/1.1" 200 948
::1 - - [12/Aug/2021:10:06:17 +0900] "GET /todos2/ HTTP/1.1" 200 2001
::1 - - [12/Aug/2021:10:06:17 +0900] "GET /todos2/runtime.9296b5b1445da6c24041.js HTTP/1.1" 200 1019
::1 - - [12/Aug/2021:10:06:17 +0900] "GET /todos2/polyfills.8784e5154013fa9e7c74.js HTTP/1.1" 200 36799
::1 - - [12/Aug/2021:10:06:17 +0900] "GET /todos2/main.052c5a2b558beee89a6f.js HTTP/1.1" 200 273874
::1 - - [12/Aug/2021:10:06:17 +0900] "GET /todos2/styles.c4f35588efce5affa0b9.css HTTP/1.1" 200 143066
::1 - - [12/Aug/2021:10:06:17 +0900] "GET /todos2/favicon.ico HTTP/1.1" 200 948
::1 - - [12/Aug/2021:10:06:17 +0900] "GET /todos2/ HTTP/1.1" 200 2001
::1 - - [12/Aug/2021:10:06:17 +0900] "GET /todos2/runtime.9296b5b1445da6c24041.js HTTP/1.1" 200 1019
::1 - - [12/Aug/2021:10:06:17 +0900] "GET /todos2/polyfills.8784e5154013fa9e7c74.js HTTP/1.1" 200 36799
::1 - - [12/Aug/2021:10:06:17 +0900] "GET /todos2/main.052c5a2b558beee89a6f.js HTTP/1.1" 200 273874
::1 - - [12/Aug/2021:10:06:17 +0900] "GET /todos2/styles.c4f35588efce5affa0b9.css HTTP/1.1" 200 143066
::1 - - [12/Aug/2021:10:06:17 +0900] "GET /todos2/favicon.ico HTTP/1.1" 200 948
::1 - - [12/Aug/2021:10:06:21 +0900] "GET /todos2/todos HTTP/1.1" 404 196
::1 - - [12/Aug/2021:10:06:21 +0900] "GET /favicon.ico HTTP/1.1" 404 196
::1 - - [12/Aug/2021:10:07:17 +0900] "-" 408 -
::1 - - [12/Aug/2021:10:08:02 +0900] "GET /todos2/ HTTP/1.1" 200 2001
::1 - - [12/Aug/2021:10:08:02 +0900] "GET /todos2/runtime.9296b5b1445da6c24041.js HTTP/1.1" 200 1019
::1 - - [12/Aug/2021:10:08:02 +0900] "GET /todos2/polyfills.8784e5154013fa9e7c74.js HTTP/1.1" 200 36799
::1 - - [12/Aug/2021:10:08:02 +0900] "GET /todos2/styles.c4f35588efce5affa0b9.css HTTP/1.1" 200 143066
::1 - - [12/Aug/2021:10:08:02 +0900] "GET /todos2/main.052c5a2b558beee89a6f.js HTTP/1.1" 200 273874
::1 - - [12/Aug/2021:10:08:02 +0900] "GET /todos2/favicon.ico HTTP/1.1" 200 948
::1 - - [12/Aug/2021:10:08:02 +0900] "GET /todos2/ HTTP/1.1" 200 2001
::1 - - [12/Aug/2021:10:08:02 +0900] "GET /todos2/runtime.9296b5b1445da6c24041.js HTTP/1.1" 200 1019
::1 - - [12/Aug/2021:10:08:02 +0900] "GET /todos2/main.052c5a2b558beee89a6f.js HTTP/1.1" 200 273874
::1 - - [12/Aug/2021:10:08:02 +0900] "GET /todos2/styles.c4f35588efce5affa0b9.css HTTP/1.1" 200 143066
::1 - - [12/Aug/2021:10:08:02 +0900] "GET /todos2/polyfills.8784e5154013fa9e7c74.js HTTP/1.1" 200 36799
::1 - - [12/Aug/2021:10:08:02 +0900] "GET /todos2/ HTTP/1.1" 200 2001
::1 - - [12/Aug/2021:10:08:03 +0900] "GET /todos2/polyfills.8784e5154013fa9e7c74.js HTTP/1.1" 200 36799
::1 - - [12/Aug/2021:10:08:03 +0900] "GET /todos2/runtime.9296b5b1445da6c24041.js HTTP/1.1" 200 1019
::1 - - [12/Aug/2021:10:08:03 +0900] "GET /todos2/styles.c4f35588efce5affa0b9.css HTTP/1.1" 200 143066
::1 - - [12/Aug/2021:10:08:03 +0900] "GET /todos2/main.052c5a2b558beee89a6f.js HTTP/1.1" 200 273874
::1 - - [12/Aug/2021:10:08:03 +0900] "GET /todos2/favicon.ico HTTP/1.1" 200 948
::1 - - [12/Aug/2021:10:08:03 +0900] "GET /todos2/ HTTP/1.1" 200 2001
::1 - - [12/Aug/2021:10:08:03 +0900] "GET /todos2/runtime.9296b5b1445da6c24041.js HTTP/1.1" 200 1019
::1 - - [12/Aug/2021:10:08:03 +0900] "GET /todos2/polyfills.8784e5154013fa9e7c74.js HTTP/1.1" 200 36799
::1 - - [12/Aug/2021:10:08:03 +0900] "GET /todos2/main.052c5a2b558beee89a6f.js HTTP/1.1" 200 273874
::1 - - [12/Aug/2021:10:08:03 +0900] "GET /todos2/styles.c4f35588efce5affa0b9.css HTTP/1.1" 200 143066
::1 - - [12/Aug/2021:10:08:03 +0900] "GET /todos2/favicon.ico HTTP/1.1" 200 948
::1 - - [12/Aug/2021:10:08:03 +0900] "GET /todos2/ HTTP/1.1" 200 2001
::1 - - [12/Aug/2021:10:08:03 +0900] "GET /todos2/runtime.9296b5b1445da6c24041.js HTTP/1.1" 200 1019
::1 - - [12/Aug/2021:10:08:03 +0900] "GET /todos2/polyfills.8784e5154013fa9e7c74.js HTTP/1.1" 200 36799
::1 - - [12/Aug/2021:10:08:03 +0900] "GET /todos2/styles.c4f35588efce5affa0b9.css HTTP/1.1" 200 143066
::1 - - [12/Aug/2021:10:08:03 +0900] "GET /todos2/main.052c5a2b558beee89a6f.js HTTP/1.1" 200 273874
::1 - - [12/Aug/2021:10:08:03 +0900] "GET /todos2/favicon.ico HTTP/1.1" 200 948
::1 - - [12/Aug/2021:10:08:03 +0900] "GET /todos2/ HTTP/1.1" 200 2001
::1 - - [12/Aug/2021:10:08:03 +0900] "GET /todos2/runtime.9296b5b1445da6c24041.js HTTP/1.1" 200 1019
::1 - - [12/Aug/2021:10:08:03 +0900] "GET /todos2/polyfills.8784e5154013fa9e7c74.js HTTP/1.1" 200 36799
::1 - - [12/Aug/2021:10:08:03 +0900] "GET /todos2/main.052c5a2b558beee89a6f.js HTTP/1.1" 200 273874
::1 - - [12/Aug/2021:10:08:03 +0900] "GET /todos2/styles.c4f35588efce5affa0b9.css HTTP/1.1" 200 143066
::1 - - [12/Aug/2021:10:08:04 +0900] "GET /todos2/favicon.ico HTTP/1.1" 200 948
::1 - - [12/Aug/2021:10:08:06 +0900] "GET /todos2/todos HTTP/1.1" 404 196
::1 - - [12/Aug/2021:10:08:06 +0900] "GET /favicon.ico HTTP/1.1" 404 196
::1 - - [12/Aug/2021:10:08:25 +0900] "GET /todos2/todos HTTP/1.1" 404 196
::1 - - [12/Aug/2021:10:08:26 +0900] "GET /todos2/todos HTTP/1.1" 404 196
::1 - - [12/Aug/2021:10:08:26 +0900] "GET /favicon.ico HTTP/1.1" 404 196
::1 - - [12/Aug/2021:10:08:27 +0900] "GET /todos2/todos HTTP/1.1" 404 196
::1 - - [12/Aug/2021:10:08:27 +0900] "GET /favicon.ico HTTP/1.1" 404 196
::1 - - [12/Aug/2021:10:08:31 +0900] "GET /todos2/ HTTP/1.1" 200 2001
::1 - - [12/Aug/2021:10:08:31 +0900] "GET /todos2/runtime.9296b5b1445da6c24041.js HTTP/1.1" 200 1019
::1 - - [12/Aug/2021:10:08:31 +0900] "GET /todos2/polyfills.8784e5154013fa9e7c74.js HTTP/1.1" 200 36799
::1 - - [12/Aug/2021:10:08:31 +0900] "GET /todos2/main.052c5a2b558beee89a6f.js HTTP/1.1" 200 273874
::1 - - [12/Aug/2021:10:08:31 +0900] "GET /todos2/styles.c4f35588efce5affa0b9.css HTTP/1.1" 200 143066
::1 - - [12/Aug/2021:10:08:31 +0900] "GET /todos2/ HTTP/1.1" 200 2001
::1 - - [12/Aug/2021:10:08:31 +0900] "GET /todos2/runtime.9296b5b1445da6c24041.js HTTP/1.1" 200 1019
::1 - - [12/Aug/2021:10:08:31 +0900] "GET /todos2/polyfills.8784e5154013fa9e7c74.js HTTP/1.1" 200 36799
::1 - - [12/Aug/2021:10:08:31 +0900] "GET /todos2/main.052c5a2b558beee89a6f.js HTTP/1.1" 200 273874
::1 - - [12/Aug/2021:10:08:31 +0900] "GET /todos2/styles.c4f35588efce5affa0b9.css HTTP/1.1" 200 143066
::1 - - [12/Aug/2021:10:08:31 +0900] "GET /todos2/favicon.ico HTTP/1.1" 200 948
::1 - - [12/Aug/2021:10:08:41 +0900] "GET /todos2/ HTTP/1.1" 200 2001
::1 - - [12/Aug/2021:10:08:41 +0900] "GET /todos2/runtime.9296b5b1445da6c24041.js HTTP/1.1" 200 1019
::1 - - [12/Aug/2021:10:08:41 +0900] "GET /todos2/polyfills.8784e5154013fa9e7c74.js HTTP/1.1" 200 36799
::1 - - [12/Aug/2021:10:08:41 +0900] "GET /todos2/main.052c5a2b558beee89a6f.js HTTP/1.1" 200 273874
::1 - - [12/Aug/2021:10:08:41 +0900] "GET /todos2/styles.c4f35588efce5affa0b9.css HTTP/1.1" 200 143066
::1 - - [12/Aug/2021:10:08:41 +0900] "GET /todos2/favicon.ico HTTP/1.1" 200 948
::1 - - [12/Aug/2021:10:08:41 +0900] "GET /todos2/ HTTP/1.1" 200 2001
::1 - - [12/Aug/2021:10:08:41 +0900] "GET /todos2/runtime.9296b5b1445da6c24041.js HTTP/1.1" 200 1019
::1 - - [12/Aug/2021:10:08:41 +0900] "GET /todos2/polyfills.8784e5154013fa9e7c74.js HTTP/1.1" 200 36799
::1 - - [12/Aug/2021:10:08:41 +0900] "GET /todos2/main.052c5a2b558beee89a6f.js HTTP/1.1" 200 273874
::1 - - [12/Aug/2021:10:08:41 +0900] "GET /todos2/styles.c4f35588efce5affa0b9.css HTTP/1.1" 200 143066
::1 - - [12/Aug/2021:10:08:42 +0900] "GET /todos2/ HTTP/1.1" 200 2001
::1 - - [12/Aug/2021:10:08:42 +0900] "GET /todos2/polyfills.8784e5154013fa9e7c74.js HTTP/1.1" 200 36799
::1 - - [12/Aug/2021:10:08:42 +0900] "GET /todos2/runtime.9296b5b1445da6c24041.js HTTP/1.1" 200 1019
::1 - - [12/Aug/2021:10:08:42 +0900] "GET /todos2/styles.c4f35588efce5affa0b9.css HTTP/1.1" 200 143066
::1 - - [12/Aug/2021:10:08:42 +0900] "GET /todos2/main.052c5a2b558beee89a6f.js HTTP/1.1" 200 273874
::1 - - [12/Aug/2021:10:08:42 +0900] "GET /todos2/favicon.ico HTTP/1.1" 200 948
::1 - - [12/Aug/2021:10:08:42 +0900] "GET /todos2/ HTTP/1.1" 200 2001
::1 - - [12/Aug/2021:10:08:42 +0900] "GET /todos2/polyfills.8784e5154013fa9e7c74.js HTTP/1.1" 200 36799
::1 - - [12/Aug/2021:10:08:42 +0900] "GET /todos2/runtime.9296b5b1445da6c24041.js HTTP/1.1" 200 1019
::1 - - [12/Aug/2021:10:08:42 +0900] "GET /todos2/main.052c5a2b558beee89a6f.js HTTP/1.1" 200 273874
::1 - - [12/Aug/2021:10:08:42 +0900] "GET /todos2/styles.c4f35588efce5affa0b9.css HTTP/1.1" 200 143066
::1 - - [12/Aug/2021:10:08:42 +0900] "GET /todos2/favicon.ico HTTP/1.1" 200 948
::1 - - [12/Aug/2021:10:08:42 +0900] "GET /todos2/ HTTP/1.1" 200 2001
::1 - - [12/Aug/2021:10:08:42 +0900] "GET /todos2/polyfills.8784e5154013fa9e7c74.js HTTP/1.1" 200 36799
::1 - - [12/Aug/2021:10:08:42 +0900] "GET /todos2/runtime.9296b5b1445da6c24041.js HTTP/1.1" 200 1019
::1 - - [12/Aug/2021:10:08:42 +0900] "GET /todos2/main.052c5a2b558beee89a6f.js HTTP/1.1" 200 273874
::1 - - [12/Aug/2021:10:08:42 +0900] "GET /todos2/styles.c4f35588efce5affa0b9.css HTTP/1.1" 200 143066
::1 - - [12/Aug/2021:10:08:42 +0900] "GET /todos2/favicon.ico HTTP/1.1" 200 948
::1 - - [12/Aug/2021:10:08:42 +0900] "GET /todos2/ HTTP/1.1" 200 2001
::1 - - [12/Aug/2021:10:08:42 +0900] "GET /todos2/runtime.9296b5b1445da6c24041.js HTTP/1.1" 200 1019
::1 - - [12/Aug/2021:10:08:42 +0900] "GET /todos2/polyfills.8784e5154013fa9e7c74.js HTTP/1.1" 200 36799
::1 - - [12/Aug/2021:10:08:42 +0900] "GET /todos2/main.052c5a2b558beee89a6f.js HTTP/1.1" 200 273874
::1 - - [12/Aug/2021:10:08:42 +0900] "GET /todos2/styles.c4f35588efce5affa0b9.css HTTP/1.1" 200 143066
::1 - - [12/Aug/2021:10:08:42 +0900] "GET /todos2/favicon.ico HTTP/1.1" 200 948
::1 - - [12/Aug/2021:10:08:58 +0900] "GET /todos2/login HTTP/1.1" 404 196
::1 - - [12/Aug/2021:10:08:58 +0900] "GET /favicon.ico HTTP/1.1" 404 196
::1 - - [12/Aug/2021:10:09:58 +0900] "-" 408 -
::1 - - [12/Aug/2021:10:14:13 +0900] "GET /todos2/todos HTTP/1.1" 404 196
::1 - - [12/Aug/2021:10:14:15 +0900] "GET /todos2/todos HTTP/1.1" 404 196
::1 - - [12/Aug/2021:10:14:15 +0900] "GET /favicon.ico HTTP/1.1" 404 196
::1 - - [12/Aug/2021:10:14:15 +0900] "GET /todos2/todos HTTP/1.1" 404 196
::1 - - [12/Aug/2021:10:14:15 +0900] "GET /favicon.ico HTTP/1.1" 404 196
::1 - - [12/Aug/2021:10:14:15 +0900] "GET /todos2/todos HTTP/1.1" 404 196
::1 - - [12/Aug/2021:10:14:15 +0900] "GET /favicon.ico HTTP/1.1" 404 196
::1 - - [12/Aug/2021:10:14:15 +0900] "GET /todos2/todos HTTP/1.1" 404 196
::1 - - [12/Aug/2021:10:14:15 +0900] "GET /favicon.ico HTTP/1.1" 404 196
::1 - - [12/Aug/2021:10:15:13 +0900] "-" 408 -
::1 - - [12/Aug/2021:10:35:28 +0900] "GET /todos2/ HTTP/1.1" 304 -
::1 - - [12/Aug/2021:10:35:28 +0900] "GET /todos2/polyfills.8784e5154013fa9e7c74.js HTTP/1.1" 304 -
::1 - - [12/Aug/2021:10:35:28 +0900] "GET /todos2/runtime.9296b5b1445da6c24041.js HTTP/1.1" 304 -
::1 - - [12/Aug/2021:10:35:28 +0900] "GET /todos2/main.052c5a2b558beee89a6f.js HTTP/1.1" 304 -
::1 - - [12/Aug/2021:10:35:30 +0900] "GET / HTTP/1.1" 200 235
::1 - - [12/Aug/2021:10:35:33 +0900] "GET /todos2/styles.c4f35588efce5affa0b9.css HTTP/1.1" 304 -
::1 - - [12/Aug/2021:10:36:40 +0900] "GET /todos3 HTTP/1.1" 404 196
::1 - - [12/Aug/2021:10:36:48 +0900] "GET /todo3 HTTP/1.1" 404 196
::1 - - [12/Aug/2021:10:36:57 +0900] "GET /todo3 HTTP/1.1" 404 196
::1 - - [12/Aug/2021:10:36:57 +0900] "GET /favicon.ico HTTP/1.1" 404 196
::1 - - [12/Aug/2021:10:38:23 +0900] "GET /todo3 HTTP/1.1" 404 196
::1 - - [12/Aug/2021:10:38:26 +0900] "GET /todo3 HTTP/1.1" 404 196
::1 - - [12/Aug/2021:10:39:23 +0900] "-" 408 -
::1 - - [12/Aug/2021:10:39:32 +0900] "GET /todo3 HTTP/1.1" 200 2001
::1 - - [12/Aug/2021:10:39:32 +0900] "GET /runtime.9296b5b1445da6c24041.js HTTP/1.1" 404 196
::1 - - [12/Aug/2021:10:39:32 +0900] "GET /polyfills.8784e5154013fa9e7c74.js HTTP/1.1" 404 196
::1 - - [12/Aug/2021:10:39:32 +0900] "GET /main.052c5a2b558beee89a6f.js HTTP/1.1" 404 196
::1 - - [12/Aug/2021:10:39:32 +0900] "GET /styles.c4f35588efce5affa0b9.css HTTP/1.1" 404 196
::1 - - [12/Aug/2021:10:39:38 +0900] "GET /todo3 HTTP/1.1" 200 2001
::1 - - [12/Aug/2021:10:39:38 +0900] "GET /runtime.9296b5b1445da6c24041.js HTTP/1.1" 404 196
::1 - - [12/Aug/2021:10:39:38 +0900] "GET /polyfills.8784e5154013fa9e7c74.js HTTP/1.1" 404 196
::1 - - [12/Aug/2021:10:39:38 +0900] "GET /styles.c4f35588efce5affa0b9.css HTTP/1.1" 404 196
::1 - - [12/Aug/2021:10:39:38 +0900] "GET /main.052c5a2b558beee89a6f.js HTTP/1.1" 404 196
::1 - - [12/Aug/2021:10:39:38 +0900] "GET /favicon.ico HTTP/1.1" 404 196
::1 - - [12/Aug/2021:10:39:38 +0900] "GET /todo3 HTTP/1.1" 200 2001
::1 - - [12/Aug/2021:10:39:38 +0900] "GET /runtime.9296b5b1445da6c24041.js HTTP/1.1" 404 196
::1 - - [12/Aug/2021:10:39:38 +0900] "GET /polyfills.8784e5154013fa9e7c74.js HTTP/1.1" 404 196
::1 - - [12/Aug/2021:10:39:38 +0900] "GET /main.052c5a2b558beee89a6f.js HTTP/1.1" 404 196
::1 - - [12/Aug/2021:10:39:38 +0900] "GET /styles.c4f35588efce5affa0b9.css HTTP/1.1" 404 196
::1 - - [12/Aug/2021:10:39:38 +0900] "GET /favicon.ico HTTP/1.1" 404 196
::1 - - [12/Aug/2021:10:39:45 +0900] "GET / HTTP/1.1" 200 235
::1 - - [12/Aug/2021:10:40:30 +0900] "GET /runtime.9296b5b1445da6c24041.js HTTP/1.1" 404 196
::1 - - [12/Aug/2021:10:40:30 +0900] "GET /polyfills.8784e5154013fa9e7c74.js HTTP/1.1" 404 196
::1 - - [12/Aug/2021:10:40:30 +0900] "GET /main.052c5a2b558beee89a6f.js HTTP/1.1" 404 196
::1 - - [12/Aug/2021:10:40:30 +0900] "GET /styles.c4f35588efce5affa0b9.css HTTP/1.1" 404 196
::1 - - [12/Aug/2021:10:40:34 +0900] "GET /todo3 HTTP/1.1" 404 196
::1 - - [12/Aug/2021:10:40:34 +0900] "GET /favicon.ico HTTP/1.1" 404 196
::1 - - [12/Aug/2021:10:40:36 +0900] "GET /todo3 HTTP/1.1" 404 196
::1 - - [12/Aug/2021:10:41:39 +0900] "GET /todo3 HTTP/1.1" 404 196
::1 - - [12/Aug/2021:10:41:40 +0900] "GET /todo3 HTTP/1.1" 404 196
::1 - - [12/Aug/2021:10:41:40 +0900] "GET /favicon.ico HTTP/1.1" 404 196
::1 - - [12/Aug/2021:10:41:41 +0900] "GET /todo3 HTTP/1.1" 404 196
::1 - - [12/Aug/2021:10:41:41 +0900] "GET /favicon.ico HTTP/1.1" 404 196
::1 - - [12/Aug/2021:10:41:42 +0900] "GET /todo3 HTTP/1.1" 404 196
::1 - - [12/Aug/2021:10:41:42 +0900] "GET /favicon.ico HTTP/1.1" 404 196
::1 - - [12/Aug/2021:10:42:39 +0900] "-" 408 -
::1 - - [12/Aug/2021:10:42:46 +0900] "GET /todo3 HTTP/1.1" 404 196
::1 - - [12/Aug/2021:10:42:47 +0900] "GET /todo3 HTTP/1.1" 404 196
::1 - - [12/Aug/2021:10:42:47 +0900] "GET /favicon.ico HTTP/1.1" 404 196
::1 - - [12/Aug/2021:10:42:48 +0900] "GET /todo3 HTTP/1.1" 404 196
::1 - - [12/Aug/2021:10:42:48 +0900] "GET /favicon.ico HTTP/1.1" 404 196
::1 - - [12/Aug/2021:10:44:08 +0900] "GET /todo3 HTTP/1.1" 404 196
::1 - - [12/Aug/2021:10:44:10 +0900] "GET /todo3 HTTP/1.1" 404 196
::1 - - [12/Aug/2021:10:44:10 +0900] "GET /favicon.ico HTTP/1.1" 404 196
::1 - - [12/Aug/2021:10:44:10 +0900] "GET /todo3 HTTP/1.1" 404 196
::1 - - [12/Aug/2021:10:44:10 +0900] "GET /favicon.ico HTTP/1.1" 404 196
::1 - - [12/Aug/2021:10:48:44 +0900] "GET /todo3 HTTP/1.1" 404 196
::1 - - [12/Aug/2021:10:48:45 +0900] "GET /todo3 HTTP/1.1" 404 196
::1 - - [12/Aug/2021:10:48:45 +0900] "GET /favicon.ico HTTP/1.1" 404 196
::1 - - [12/Aug/2021:10:48:45 +0900] "GET /todo3 HTTP/1.1" 404 196
::1 - - [12/Aug/2021:10:48:45 +0900] "GET /favicon.ico HTTP/1.1" 404 196
::1 - - [12/Aug/2021:10:49:44 +0900] "-" 408 -
::1 - - [12/Aug/2021:10:51:32 +0900] "GET /todo3 HTTP/1.1" 404 196
::1 - - [12/Aug/2021:10:51:32 +0900] "GET /todo3 HTTP/1.1" 404 196
::1 - - [12/Aug/2021:10:51:33 +0900] "GET /todo3 HTTP/1.1" 404 196
::1 - - [12/Aug/2021:10:51:33 +0900] "GET /todo3 HTTP/1.1" 404 196
::1 - - [12/Aug/2021:10:51:38 +0900] "GET /todo3 HTTP/1.1" 404 196
::1 - - [12/Aug/2021:10:51:38 +0900] "GET /favicon.ico HTTP/1.1" 404 196
::1 - - [12/Aug/2021:10:51:38 +0900] "GET /todo3 HTTP/1.1" 404 196
::1 - - [12/Aug/2021:10:51:38 +0900] "GET /favicon.ico HTTP/1.1" 404 196
::1 - - [12/Aug/2021:10:52:45 +0900] "GET /todo3 HTTP/1.1" 404 196
::1 - - [12/Aug/2021:10:52:46 +0900] "GET /todo3 HTTP/1.1" 404 196
::1 - - [12/Aug/2021:10:52:46 +0900] "GET /favicon.ico HTTP/1.1" 404 196
::1 - - [12/Aug/2021:10:52:59 +0900] "GET / HTTP/1.1" 200 2001
::1 - - [12/Aug/2021:10:52:59 +0900] "GET /runtime.9296b5b1445da6c24041.js HTTP/1.1" 404 196
::1 - - [12/Aug/2021:10:52:59 +0900] "GET /polyfills.8784e5154013fa9e7c74.js HTTP/1.1" 404 196
::1 - - [12/Aug/2021:10:52:59 +0900] "GET /styles.c4f35588efce5affa0b9.css HTTP/1.1" 404 196
::1 - - [12/Aug/2021:10:52:59 +0900] "GET /main.052c5a2b558beee89a6f.js HTTP/1.1" 404 196
::1 - - [12/Aug/2021:10:53:03 +0900] "GET / HTTP/1.1" 304 -
::1 - - [12/Aug/2021:10:53:03 +0900] "GET /runtime.9296b5b1445da6c24041.js HTTP/1.1" 404 196
::1 - - [12/Aug/2021:10:53:03 +0900] "GET /polyfills.8784e5154013fa9e7c74.js HTTP/1.1" 404 196
::1 - - [12/Aug/2021:10:53:03 +0900] "GET /main.052c5a2b558beee89a6f.js HTTP/1.1" 404 196
::1 - - [12/Aug/2021:10:53:03 +0900] "GET /styles.c4f35588efce5affa0b9.css HTTP/1.1" 404 196
::1 - - [12/Aug/2021:10:53:04 +0900] "GET / HTTP/1.1" 200 2001
::1 - - [12/Aug/2021:10:53:04 +0900] "GET /runtime.9296b5b1445da6c24041.js HTTP/1.1" 404 196
::1 - - [12/Aug/2021:10:53:04 +0900] "GET /polyfills.8784e5154013fa9e7c74.js HTTP/1.1" 404 196
::1 - - [12/Aug/2021:10:53:04 +0900] "GET /main.052c5a2b558beee89a6f.js HTTP/1.1" 404 196
::1 - - [12/Aug/2021:10:53:04 +0900] "GET /styles.c4f35588efce5affa0b9.css HTTP/1.1" 404 196
::1 - - [12/Aug/2021:10:53:04 +0900] "GET /favicon.ico HTTP/1.1" 404 196
::1 - - [12/Aug/2021:10:53:05 +0900] "GET / HTTP/1.1" 200 2001
::1 - - [12/Aug/2021:10:53:05 +0900] "GET /runtime.9296b5b1445da6c24041.js HTTP/1.1" 404 196
::1 - - [12/Aug/2021:10:53:05 +0900] "GET /polyfills.8784e5154013fa9e7c74.js HTTP/1.1" 404 196
::1 - - [12/Aug/2021:10:53:05 +0900] "GET /main.052c5a2b558beee89a6f.js HTTP/1.1" 404 196
::1 - - [12/Aug/2021:10:53:05 +0900] "GET /styles.c4f35588efce5affa0b9.css HTTP/1.1" 404 196
::1 - - [12/Aug/2021:10:53:05 +0900] "GET /favicon.ico HTTP/1.1" 404 196
::1 - - [12/Aug/2021:10:53:17 +0900] "GET / HTTP/1.1" 200 235
::1 - - [12/Aug/2021:10:53:22 +0900] "GET / HTTP/1.1" 200 235
::1 - - [12/Aug/2021:10:53:22 +0900] "GET /favicon.ico HTTP/1.1" 404 196
::1 - - [12/Aug/2021:21:23:51 +0900] "GET / HTTP/1.1" 200 2001
::1 - - [12/Aug/2021:21:23:51 +0900] "GET /runtime.9296b5b1445da6c24041.js HTTP/1.1" 404 196
::1 - - [12/Aug/2021:21:23:51 +0900] "GET /polyfills.8784e5154013fa9e7c74.js HTTP/1.1" 404 196
::1 - - [12/Aug/2021:21:23:51 +0900] "GET /main.052c5a2b558beee89a6f.js HTTP/1.1" 404 196
::1 - - [12/Aug/2021:21:23:51 +0900] "GET /styles.c4f35588efce5affa0b9.css HTTP/1.1" 404 196
::1 - - [12/Aug/2021:21:23:53 +0900] "GET / HTTP/1.1" 304 -
::1 - - [12/Aug/2021:21:23:53 +0900] "GET /polyfills.8784e5154013fa9e7c74.js HTTP/1.1" 404 196
::1 - - [12/Aug/2021:21:23:53 +0900] "GET /runtime.9296b5b1445da6c24041.js HTTP/1.1" 404 196
::1 - - [12/Aug/2021:21:23:53 +0900] "GET /main.052c5a2b558beee89a6f.js HTTP/1.1" 404 196
::1 - - [12/Aug/2021:21:23:53 +0900] "GET /styles.c4f35588efce5affa0b9.css HTTP/1.1" 404 196
::1 - - [12/Aug/2021:21:26:15 +0900] "GET / HTTP/1.1" 304 -
::1 - - [12/Aug/2021:21:26:15 +0900] "GET /runtime.9296b5b1445da6c24041.js HTTP/1.1" 404 196
::1 - - [12/Aug/2021:21:26:15 +0900] "GET /polyfills.8784e5154013fa9e7c74.js HTTP/1.1" 404 196
::1 - - [12/Aug/2021:21:26:15 +0900] "GET /main.052c5a2b558beee89a6f.js HTTP/1.1" 404 196
::1 - - [12/Aug/2021:21:26:15 +0900] "GET /styles.c4f35588efce5affa0b9.css HTTP/1.1" 404 196
::1 - - [12/Aug/2021:21:26:17 +0900] "GET / HTTP/1.1" 304 -
::1 - - [12/Aug/2021:21:26:17 +0900] "GET /runtime.9296b5b1445da6c24041.js HTTP/1.1" 404 196
::1 - - [12/Aug/2021:21:26:17 +0900] "GET /polyfills.8784e5154013fa9e7c74.js HTTP/1.1" 404 196
::1 - - [12/Aug/2021:21:26:17 +0900] "GET /main.052c5a2b558beee89a6f.js HTTP/1.1" 404 196
::1 - - [12/Aug/2021:21:26:17 +0900] "GET /styles.c4f35588efce5affa0b9.css HTTP/1.1" 404 196
::1 - - [12/Aug/2021:21:26:20 +0900] "GET / HTTP/1.1" 304 -
::1 - - [12/Aug/2021:21:26:20 +0900] "GET /runtime.9296b5b1445da6c24041.js HTTP/1.1" 404 196
::1 - - [12/Aug/2021:21:26:20 +0900] "GET /polyfills.8784e5154013fa9e7c74.js HTTP/1.1" 404 196
::1 - - [12/Aug/2021:21:26:20 +0900] "GET /main.052c5a2b558beee89a6f.js HTTP/1.1" 404 196
::1 - - [12/Aug/2021:21:26:20 +0900] "GET /styles.c4f35588efce5affa0b9.css HTTP/1.1" 404 196
::1 - - [12/Aug/2021:21:26:21 +0900] "GET / HTTP/1.1" 200 2001
::1 - - [12/Aug/2021:21:26:22 +0900] "GET /runtime.9296b5b1445da6c24041.js HTTP/1.1" 404 196
::1 - - [12/Aug/2021:21:26:22 +0900] "GET /polyfills.8784e5154013fa9e7c74.js HTTP/1.1" 404 196
::1 - - [12/Aug/2021:21:26:22 +0900] "GET /main.052c5a2b558beee89a6f.js HTTP/1.1" 404 196
::1 - - [12/Aug/2021:21:26:22 +0900] "GET /styles.c4f35588efce5affa0b9.css HTTP/1.1" 404 196
::1 - - [12/Aug/2021:21:26:22 +0900] "GET /favicon.ico HTTP/1.1" 404 196
::1 - - [12/Aug/2021:21:26:46 +0900] "GET /styles.c4f35588efce5affa0b9.css HTTP/1.1" 404 196
::1 - - [12/Aug/2021:21:27:48 +0900] "GET /gh HTTP/1.1" 404 196
::1 - - [12/Aug/2021:21:28:48 +0900] "-" 408 -
::1 - - [12/Aug/2021:21:29:10 +0900] "GET /test HTTP/1.1" 404 196
::1 - - [12/Aug/2021:21:30:10 +0900] "-" 408 -
::1 - - [12/Aug/2021:21:30:44 +0900] "GET /test HTTP/1.1" 404 196
::1 - - [12/Aug/2021:21:30:47 +0900] "GET /test HTTP/1.1" 404 196
::1 - - [12/Aug/2021:21:30:47 +0900] "GET /favicon.ico HTTP/1.1" 404 196
::1 - - [12/Aug/2021:21:30:48 +0900] "GET /test HTTP/1.1" 404 196
::1 - - [12/Aug/2021:21:30:48 +0900] "GET /favicon.ico HTTP/1.1" 404 196
::1 - - [12/Aug/2021:21:31:44 +0900] "-" 408 -
::1 - - [12/Aug/2021:21:33:25 +0900] "GET /test HTTP/1.1" 200 2001
::1 - - [12/Aug/2021:21:33:25 +0900] "GET /runtime.9296b5b1445da6c24041.js HTTP/1.1" 404 196
::1 - - [12/Aug/2021:21:33:25 +0900] "GET /polyfills.8784e5154013fa9e7c74.js HTTP/1.1" 404 196
::1 - - [12/Aug/2021:21:33:25 +0900] "GET /main.052c5a2b558beee89a6f.js HTTP/1.1" 404 196
::1 - - [12/Aug/2021:21:33:25 +0900] "GET /styles.c4f35588efce5affa0b9.css HTTP/1.1" 404 196
::1 - - [12/Aug/2021:21:33:31 +0900] "GET /test HTTP/1.1" 200 2001
::1 - - [12/Aug/2021:21:33:31 +0900] "GET /polyfills.8784e5154013fa9e7c74.js HTTP/1.1" 404 196
::1 - - [12/Aug/2021:21:33:31 +0900] "GET /runtime.9296b5b1445da6c24041.js HTTP/1.1" 404 196
::1 - - [12/Aug/2021:21:33:31 +0900] "GET /main.052c5a2b558beee89a6f.js HTTP/1.1" 404 196
::1 - - [12/Aug/2021:21:33:31 +0900] "GET /styles.c4f35588efce5affa0b9.css HTTP/1.1" 404 196
::1 - - [12/Aug/2021:21:33:31 +0900] "GET /favicon.ico HTTP/1.1" 404 196
::1 - - [12/Aug/2021:21:33:41 +0900] "GET /testq HTTP/1.1" 404 196
::1 - - [12/Aug/2021:21:33:46 +0900] "GET /runtime.9296b5b1445da6c24041.js HTTP/1.1" 404 196
::1 - - [12/Aug/2021:21:33:46 +0900] "GET /polyfills.8784e5154013fa9e7c74.js HTTP/1.1" 404 196
::1 - - [12/Aug/2021:21:33:46 +0900] "GET /main.052c5a2b558beee89a6f.js HTTP/1.1" 404 196
::1 - - [12/Aug/2021:21:33:46 +0900] "GET /styles.c4f35588efce5affa0b9.css HTTP/1.1" 404 196
::1 - - [12/Aug/2021:21:33:59 +0900] "GET /test HTTP/1.1" 404 196
::1 - - [12/Aug/2021:21:34:07 +0900] "GET /testq HTTP/1.1" 200 2001
::1 - - [12/Aug/2021:21:34:07 +0900] "GET /runtime.9296b5b1445da6c24041.js HTTP/1.1" 404 196
::1 - - [12/Aug/2021:21:34:07 +0900] "GET /polyfills.8784e5154013fa9e7c74.js HTTP/1.1" 404 196
::1 - - [12/Aug/2021:21:34:07 +0900] "GET /main.052c5a2b558beee89a6f.js HTTP/1.1" 404 196
::1 - - [12/Aug/2021:21:34:07 +0900] "GET /styles.c4f35588efce5affa0b9.css HTTP/1.1" 404 196
::1 - - [12/Aug/2021:21:34:19 +0900] "GET /todos2/ HTTP/1.1" 304 -
::1 - - [12/Aug/2021:21:34:20 +0900] "GET /todos2/styles.c4f35588efce5affa0b9.css HTTP/1.1" 304 -
::1 - - [12/Aug/2021:21:34:20 +0900] "GET /todos2/runtime.9296b5b1445da6c24041.js HTTP/1.1" 304 -
::1 - - [12/Aug/2021:21:34:20 +0900] "GET /todos2/polyfills.8784e5154013fa9e7c74.js HTTP/1.1" 304 -
::1 - - [12/Aug/2021:21:34:20 +0900] "GET /todos2/main.052c5a2b558beee89a6f.js HTTP/1.1" 304 -
::1 - - [12/Aug/2021:21:34:28 +0900] "GET /todos2/todos HTTP/1.1" 404 196
::1 - - [12/Aug/2021:21:34:59 +0900] "GET /todos2/todos HTTP/1.1" 404 196
::1 - - [12/Aug/2021:21:35:07 +0900] "GET /todos2/user-profile HTTP/1.1" 404 196
::1 - - [12/Aug/2021:21:35:11 +0900] "GET /polyfills.8784e5154013fa9e7c74.js HTTP/1.1" 404 196
::1 - - [12/Aug/2021:21:35:11 +0900] "GET /runtime.9296b5b1445da6c24041.js HTTP/1.1" 404 196
::1 - - [12/Aug/2021:21:35:11 +0900] "GET /styles.c4f35588efce5affa0b9.css HTTP/1.1" 404 196
::1 - - [12/Aug/2021:21:35:11 +0900] "GET /main.052c5a2b558beee89a6f.js HTTP/1.1" 404 196
::1 - - [12/Aug/2021:21:35:22 +0900] "GET / HTTP/1.1" 200 279
::1 - - [12/Aug/2021:21:35:30 +0900] "GET /.htaccess HTTP/1.1" 200 354
::1 - - [12/Aug/2021:21:36:30 +0900] "-" 408 -
::1 - - [12/Aug/2021:21:36:31 +0900] "GET /todos2/ HTTP/1.1" 304 -
::1 - - [12/Aug/2021:21:36:31 +0900] "GET /todos2/favicon.ico HTTP/1.1" 200 948
::1 - - [12/Aug/2021:21:36:34 +0900] "GET /todos2/todos HTTP/1.1" 404 196
::1 - - [12/Aug/2021:21:37:31 +0900] "-" 408 -
::1 - - [12/Aug/2021:21:43:34 +0900] "-" 408 -
::1 - - [12/Aug/2021:21:43:34 +0900] "-" 408 -
::1 - - [12/Aug/2021:21:47:38 +0900] "GET / HTTP/1.1" 403 199
::1 - - [12/Aug/2021:21:47:45 +0900] "GET /test HTTP/1.1" 404 196
::1 - - [12/Aug/2021:21:47:52 +0900] "GET /todos2/todos HTTP/1.1" 404 196
::1 - - [12/Aug/2021:21:48:52 +0900] "-" 408 -
::1 - - [12/Aug/2021:21:55:51 +0900] "GET / HTTP/1.1" 200 235
::1 - - [12/Aug/2021:21:56:03 +0900] "GET /todos2/login HTTP/1.1" 404 196
::1 - - [12/Aug/2021:21:56:49 +0900] "GET /todos2/todos HTTP/1.1" 404 196
::1 - - [12/Aug/2021:21:57:46 +0900] "-" 408 -
::1 - - [12/Aug/2021:23:04:52 +0900] "GET /todos2/ HTTP/1.1" 304 -
::1 - - [12/Aug/2021:23:04:52 +0900] "GET /todos2/runtime.9296b5b1445da6c24041.js HTTP/1.1" 304 -
::1 - - [12/Aug/2021:23:04:52 +0900] "GET /todos2/polyfills.8784e5154013fa9e7c74.js HTTP/1.1" 304 -
::1 - - [12/Aug/2021:23:04:52 +0900] "GET /todos2/main.052c5a2b558beee89a6f.js HTTP/1.1" 304 -
::1 - - [12/Aug/2021:23:04:52 +0900] "GET /todos2/styles.c4f35588efce5affa0b9.css HTTP/1.1" 304 -
::1 - - [12/Aug/2021:23:04:53 +0900] "GET /todos2/ HTTP/1.1" 304 -
::1 - - [12/Aug/2021:23:04:54 +0900] "GET /todos2/favicon.ico HTTP/1.1" 200 948
::1 - - [12/Aug/2021:23:04:54 +0900] "GET /todos2/ HTTP/1.1" 304 -
::1 - - [12/Aug/2021:23:04:54 +0900] "GET /todos2/favicon.ico HTTP/1.1" 200 948
::1 - - [12/Aug/2021:23:09:14 +0900] "GET /todos2/ HTTP/1.1" 304 -
::1 - - [12/Aug/2021:23:09:14 +0900] "GET /todos2/favicon.ico HTTP/1.1" 200 948
::1 - - [12/Aug/2021:23:09:16 +0900] "GET /todos2/ HTTP/1.1" 200 2001
::1 - - [12/Aug/2021:23:09:16 +0900] "GET /todos2/runtime.9296b5b1445da6c24041.js HTTP/1.1" 200 1019
::1 - - [12/Aug/2021:23:09:16 +0900] "GET /todos2/polyfills.8784e5154013fa9e7c74.js HTTP/1.1" 200 36799
::1 - - [12/Aug/2021:23:09:16 +0900] "GET /todos2/styles.c4f35588efce5affa0b9.css HTTP/1.1" 200 143066
::1 - - [12/Aug/2021:23:09:16 +0900] "GET /todos2/main.052c5a2b558beee89a6f.js HTTP/1.1" 200 273874
::1 - - [12/Aug/2021:23:09:16 +0900] "GET /todos2/favicon.ico HTTP/1.1" 200 948
::1 - - [12/Aug/2021:23:09:16 +0900] "GET /todos2/ HTTP/1.1" 200 2001
::1 - - [12/Aug/2021:23:09:16 +0900] "GET /todos2/runtime.9296b5b1445da6c24041.js HTTP/1.1" 200 1019
::1 - - [12/Aug/2021:23:09:16 +0900] "GET /todos2/polyfills.8784e5154013fa9e7c74.js HTTP/1.1" 200 36799
::1 - - [12/Aug/2021:23:09:16 +0900] "GET /todos2/main.052c5a2b558beee89a6f.js HTTP/1.1" 200 273874
::1 - - [12/Aug/2021:23:09:16 +0900] "GET /todos2/styles.c4f35588efce5affa0b9.css HTTP/1.1" 200 143066
::1 - - [12/Aug/2021:23:09:16 +0900] "GET /todos2/favicon.ico HTTP/1.1" 200 948
::1 - - [12/Aug/2021:23:09:16 +0900] "GET /todos2/ HTTP/1.1" 200 2001
::1 - - [12/Aug/2021:23:09:16 +0900] "GET /todos2/runtime.9296b5b1445da6c24041.js HTTP/1.1" 200 1019
::1 - - [12/Aug/2021:23:09:16 +0900] "GET /todos2/polyfills.8784e5154013fa9e7c74.js HTTP/1.1" 200 36799
::1 - - [12/Aug/2021:23:09:16 +0900] "GET /todos2/styles.c4f35588efce5affa0b9.css HTTP/1.1" 200 143066
::1 - - [12/Aug/2021:23:09:16 +0900] "GET /todos2/main.052c5a2b558beee89a6f.js HTTP/1.1" 200 273874
::1 - - [12/Aug/2021:23:09:17 +0900] "GET /todos2/favicon.ico HTTP/1.1" 200 948
::1 - - [12/Aug/2021:23:09:17 +0900] "GET /todos2/ HTTP/1.1" 200 2001
::1 - - [12/Aug/2021:23:09:17 +0900] "GET /todos2/runtime.9296b5b1445da6c24041.js HTTP/1.1" 200 1019
::1 - - [12/Aug/2021:23:09:17 +0900] "GET /todos2/polyfills.8784e5154013fa9e7c74.js HTTP/1.1" 200 36799
::1 - - [12/Aug/2021:23:09:17 +0900] "GET /todos2/main.052c5a2b558beee89a6f.js HTTP/1.1" 200 273874
::1 - - [12/Aug/2021:23:09:17 +0900] "GET /todos2/styles.c4f35588efce5affa0b9.css HTTP/1.1" 200 143066
::1 - - [12/Aug/2021:23:09:17 +0900] "GET /todos2/favicon.ico HTTP/1.1" 200 948
::1 - - [12/Aug/2021:23:09:17 +0900] "GET /todos2/ HTTP/1.1" 200 2001
::1 - - [12/Aug/2021:23:09:17 +0900] "GET /todos2/polyfills.8784e5154013fa9e7c74.js HTTP/1.1" 200 36799
::1 - - [12/Aug/2021:23:09:17 +0900] "GET /todos2/runtime.9296b5b1445da6c24041.js HTTP/1.1" 200 1019
::1 - - [12/Aug/2021:23:09:17 +0900] "GET /todos2/main.052c5a2b558beee89a6f.js HTTP/1.1" 200 273874
::1 - - [12/Aug/2021:23:09:17 +0900] "GET /todos2/styles.c4f35588efce5affa0b9.css HTTP/1.1" 200 143066
::1 - - [12/Aug/2021:23:09:18 +0900] "GET /todos2/favicon.ico HTTP/1.1" 200 948
::1 - - [12/Aug/2021:23:09:18 +0900] "GET /todos2/ HTTP/1.1" 200 2001
::1 - - [12/Aug/2021:23:09:18 +0900] "GET /todos2/runtime.9296b5b1445da6c24041.js HTTP/1.1" 200 1019
::1 - - [12/Aug/2021:23:09:18 +0900] "GET /todos2/polyfills.8784e5154013fa9e7c74.js HTTP/1.1" 200 36799
::1 - - [12/Aug/2021:23:09:18 +0900] "GET /todos2/styles.c4f35588efce5affa0b9.css HTTP/1.1" 200 143066
::1 - - [12/Aug/2021:23:09:18 +0900] "GET /todos2/main.052c5a2b558beee89a6f.js HTTP/1.1" 200 273874
::1 - - [12/Aug/2021:23:09:18 +0900] "GET /todos2/favicon.ico HTTP/1.1" 200 948
::1 - - [12/Aug/2021:23:09:18 +0900] "GET /todos2/ HTTP/1.1" 200 2001
::1 - - [12/Aug/2021:23:09:18 +0900] "GET /todos2/runtime.9296b5b1445da6c24041.js HTTP/1.1" 200 1019
::1 - - [12/Aug/2021:23:09:18 +0900] "GET /todos2/polyfills.8784e5154013fa9e7c74.js HTTP/1.1" 200 36799
::1 - - [12/Aug/2021:23:09:18 +0900] "GET /todos2/main.052c5a2b558beee89a6f.js HTTP/1.1" 200 273874
::1 - - [12/Aug/2021:23:09:18 +0900] "GET /todos2/styles.c4f35588efce5affa0b9.css HTTP/1.1" 200 143066
::1 - - [12/Aug/2021:23:09:18 +0900] "GET /todos2/favicon.ico HTTP/1.1" 200 948
::1 - - [12/Aug/2021:23:09:18 +0900] "GET /todos2/ HTTP/1.1" 200 2001
::1 - - [12/Aug/2021:23:09:18 +0900] "GET /todos2/runtime.9296b5b1445da6c24041.js HTTP/1.1" 200 1019
::1 - - [12/Aug/2021:23:09:18 +0900] "GET /todos2/polyfills.8784e5154013fa9e7c74.js HTTP/1.1" 200 36799
::1 - - [12/Aug/2021:23:09:18 +0900] "GET /todos2/main.052c5a2b558beee89a6f.js HTTP/1.1" 200 273874
::1 - - [12/Aug/2021:23:09:18 +0900] "GET /todos2/styles.c4f35588efce5affa0b9.css HTTP/1.1" 200 143066
::1 - - [12/Aug/2021:23:09:18 +0900] "GET /todos2/favicon.ico HTTP/1.1" 200 948
::1 - - [12/Aug/2021:23:09:30 +0900] "GET /todos2/logout HTTP/1.1" 403 199
::1 - - [12/Aug/2021:23:09:30 +0900] "GET /favicon.ico HTTP/1.1" 403 199
::1 - - [12/Aug/2021:23:09:34 +0900] "GET /todos2/logout HTTP/1.1" 403 199
::1 - - [12/Aug/2021:23:09:34 +0900] "GET /favicon.ico HTTP/1.1" 403 199
::1 - - [12/Aug/2021:23:09:52 +0900] "GET /todos2/login HTTP/1.1" 403 199
::1 - - [12/Aug/2021:23:09:52 +0900] "GET /favicon.ico HTTP/1.1" 403 199
::1 - - [12/Aug/2021:23:10:08 +0900] "GET /todos2/todos HTTP/1.1" 403 199
::1 - - [12/Aug/2021:23:10:08 +0900] "GET /favicon.ico HTTP/1.1" 403 199
::1 - - [12/Aug/2021:23:10:32 +0900] "GET /todos2/todos HTTP/1.1" 404 196
::1 - - [12/Aug/2021:23:10:32 +0900] "GET /favicon.ico HTTP/1.1" 403 199
::1 - - [12/Aug/2021:23:11:17 +0900] "GET /todos2/todos HTTP/1.1" 403 199
::1 - - [12/Aug/2021:23:11:17 +0900] "GET /favicon.ico HTTP/1.1" 403 199
::1 - - [12/Aug/2021:23:11:47 +0900] "GET /todos2/todos HTTP/1.1" 403 199
::1 - - [12/Aug/2021:23:11:47 +0900] "GET /favicon.ico HTTP/1.1" 403 199
::1 - - [12/Aug/2021:23:11:48 +0900] "GET /todos2/todos HTTP/1.1" 403 199
::1 - - [12/Aug/2021:23:11:48 +0900] "GET /favicon.ico HTTP/1.1" 403 199
::1 - - [12/Aug/2021:23:11:50 +0900] "GET /todos2/todos HTTP/1.1" 403 199
::1 - - [12/Aug/2021:23:11:50 +0900] "GET /favicon.ico HTTP/1.1" 403 199
::1 - - [12/Aug/2021:23:11:50 +0900] "GET /todos2/todos HTTP/1.1" 403 199
::1 - - [12/Aug/2021:23:11:50 +0900] "GET /favicon.ico HTTP/1.1" 403 199
::1 - - [12/Aug/2021:23:11:51 +0900] "GET /todos2/todos HTTP/1.1" 403 199
::1 - - [12/Aug/2021:23:11:51 +0900] "GET /favicon.ico HTTP/1.1" 403 199
::1 - - [12/Aug/2021:23:11:55 +0900] "GET /todos2/ HTTP/1.1" 200 2001
::1 - - [12/Aug/2021:23:11:56 +0900] "GET /todos2/runtime.9296b5b1445da6c24041.js HTTP/1.1" 200 1019
::1 - - [12/Aug/2021:23:11:56 +0900] "GET /todos2/polyfills.8784e5154013fa9e7c74.js HTTP/1.1" 200 36799
::1 - - [12/Aug/2021:23:11:56 +0900] "GET /todos2/main.052c5a2b558beee89a6f.js HTTP/1.1" 200 273874
::1 - - [12/Aug/2021:23:11:56 +0900] "GET /todos2/styles.c4f35588efce5affa0b9.css HTTP/1.1" 200 143066
::1 - - [12/Aug/2021:23:11:56 +0900] "GET /todos2/favicon.ico HTTP/1.1" 200 948
::1 - - [12/Aug/2021:23:11:56 +0900] "GET /todos2/ HTTP/1.1" 200 2001
::1 - - [12/Aug/2021:23:11:56 +0900] "GET /todos2/runtime.9296b5b1445da6c24041.js HTTP/1.1" 200 1019
::1 - - [12/Aug/2021:23:11:56 +0900] "GET /todos2/main.052c5a2b558beee89a6f.js HTTP/1.1" 200 273874
::1 - - [12/Aug/2021:23:11:56 +0900] "GET /todos2/styles.c4f35588efce5affa0b9.css HTTP/1.1" 200 143066
::1 - - [12/Aug/2021:23:11:56 +0900] "GET /todos2/polyfills.8784e5154013fa9e7c74.js HTTP/1.1" 200 36799
::1 - - [12/Aug/2021:23:11:57 +0900] "GET /todos2/favicon.ico HTTP/1.1" 200 948
::1 - - [12/Aug/2021:23:11:59 +0900] "GET /todos2/todos HTTP/1.1" 403 199
::1 - - [12/Aug/2021:23:11:59 +0900] "GET /favicon.ico HTTP/1.1" 403 199
::1 - - [12/Aug/2021:23:12:23 +0900] "GET /todos2/todos HTTP/1.1" 403 199
::1 - - [12/Aug/2021:23:12:23 +0900] "GET /favicon.ico HTTP/1.1" 403 199
::1 - - [12/Aug/2021:23:12:25 +0900] "GET /todos2/todos HTTP/1.1" 403 199
::1 - - [12/Aug/2021:23:12:25 +0900] "GET /favicon.ico HTTP/1.1" 403 199
::1 - - [12/Aug/2021:23:12:26 +0900] "GET /todos2/todos HTTP/1.1" 403 199
::1 - - [12/Aug/2021:23:12:26 +0900] "GET /favicon.ico HTTP/1.1" 403 199
::1 - - [12/Aug/2021:23:13:23 +0900] "-" 408 -
::1 - - [12/Aug/2021:23:13:51 +0900] "GET /todos2/todos HTTP/1.1" 403 199
::1 - - [12/Aug/2021:23:13:52 +0900] "GET /favicon.ico HTTP/1.1" 403 199
::1 - - [12/Aug/2021:23:13:55 +0900] "GET /todos2/todos HTTP/1.1" 403 199
::1 - - [12/Aug/2021:23:13:55 +0900] "GET /favicon.ico HTTP/1.1" 403 199
::1 - - [12/Aug/2021:23:14:31 +0900] "-" 408 -
::1 - - [12/Aug/2021:23:19:31 +0900] "GET /todos2/ HTTP/1.1" 200 2001
::1 - - [12/Aug/2021:23:19:31 +0900] "GET /todos2/runtime.9296b5b1445da6c24041.js HTTP/1.1" 200 1019
::1 - - [12/Aug/2021:23:19:31 +0900] "GET /todos2/styles.c4f35588efce5affa0b9.css HTTP/1.1" 200 143066
::1 - - [12/Aug/2021:23:19:31 +0900] "GET /todos2/polyfills.8784e5154013fa9e7c74.js HTTP/1.1" 200 36799
::1 - - [12/Aug/2021:23:19:31 +0900] "GET /todos2/main.9b2ce05bbc40e2c7d309.js HTTP/1.1" 200 273925
::1 - - [12/Aug/2021:23:19:32 +0900] "GET /todos2/favicon.ico HTTP/1.1" 200 948
::1 - - [12/Aug/2021:23:19:36 +0900] "GET /todos2/todos HTTP/1.1" 403 199
::1 - - [12/Aug/2021:23:19:36 +0900] "GET /favicon.ico HTTP/1.1" 403 199
::1 - - [12/Aug/2021:23:20:08 +0900] "GET /todos2/todos HTTP/1.1" 403 199
::1 - - [12/Aug/2021:23:20:08 +0900] "GET /favicon.ico HTTP/1.1" 403 199
::1 - - [12/Aug/2021:23:20:09 +0900] "GET /todos2/todos HTTP/1.1" 403 199
::1 - - [12/Aug/2021:23:20:09 +0900] "GET /favicon.ico HTTP/1.1" 403 199
::1 - - [12/Aug/2021:23:20:22 +0900] "GET /todos2/todos HTTP/1.1" 404 196
::1 - - [12/Aug/2021:23:20:23 +0900] "GET /favicon.ico HTTP/1.1" 403 199
::1 - - [12/Aug/2021:23:20:31 +0900] "GET /todos2/todos HTTP/1.1" 403 199
::1 - - [12/Aug/2021:23:20:31 +0900] "GET /favicon.ico HTTP/1.1" 403 199
::1 - - [12/Aug/2021:23:20:41 +0900] "GET /todos2/todos HTTP/1.1" 301 232
::1 - - [12/Aug/2021:23:20:41 +0900] "GET /todos2/ HTTP/1.1" 304 -
::1 - - [12/Aug/2021:23:20:41 +0900] "GET /todos2/runtime.9296b5b1445da6c24041.js HTTP/1.1" 304 -
::1 - - [12/Aug/2021:23:20:41 +0900] "GET /todos2/polyfills.8784e5154013fa9e7c74.js HTTP/1.1" 304 -
::1 - - [12/Aug/2021:23:20:41 +0900] "GET /todos2/main.9b2ce05bbc40e2c7d309.js HTTP/1.1" 304 -
::1 - - [12/Aug/2021:23:20:41 +0900] "GET /todos2/styles.c4f35588efce5affa0b9.css HTTP/1.1" 304 -
::1 - - [12/Aug/2021:23:20:47 +0900] "GET /todos2/todos HTTP/1.1" 301 232
::1 - - [12/Aug/2021:23:20:47 +0900] "GET /todos2/ HTTP/1.1" 304 -
::1 - - [12/Aug/2021:23:20:56 +0900] "GET /todos2/user-profile HTTP/1.1" 301 232
::1 - - [12/Aug/2021:23:20:56 +0900] "GET /todos2/ HTTP/1.1" 304 -
::1 - - [12/Aug/2021:23:20:56 +0900] "GET /todos2/runtime.9296b5b1445da6c24041.js HTTP/1.1" 304 -
::1 - - [12/Aug/2021:23:20:56 +0900] "GET /todos2/polyfills.8784e5154013fa9e7c74.js HTTP/1.1" 304 -
::1 - - [12/Aug/2021:23:20:56 +0900] "GET /todos2/main.9b2ce05bbc40e2c7d309.js HTTP/1.1" 304 -
::1 - - [12/Aug/2021:23:20:56 +0900] "GET /todos2/styles.c4f35588efce5affa0b9.css HTTP/1.1" 304 -
::1 - - [12/Aug/2021:23:23:14 +0900] "GET /todos2/ HTTP/1.1" 304 -
::1 - - [12/Aug/2021:23:23:14 +0900] "GET /todos2/runtime.9296b5b1445da6c24041.js HTTP/1.1" 304 -
::1 - - [12/Aug/2021:23:23:14 +0900] "GET /todos2/polyfills.8784e5154013fa9e7c74.js HTTP/1.1" 304 -
::1 - - [12/Aug/2021:23:23:14 +0900] "GET /todos2/main.9b2ce05bbc40e2c7d309.js HTTP/1.1" 304 -
::1 - - [12/Aug/2021:23:23:14 +0900] "GET /todos2/styles.c4f35588efce5affa0b9.css HTTP/1.1" 304 -
::1 - - [12/Aug/2021:23:23:14 +0900] "GET /todos2/favicon.ico HTTP/1.1" 200 948
::1 - - [12/Aug/2021:23:23:16 +0900] "GET /todos2/user-profile HTTP/1.1" 500 530
::1 - - [12/Aug/2021:23:23:16 +0900] "GET /favicon.ico HTTP/1.1" 403 199
::1 - - [12/Aug/2021:23:23:24 +0900] "GET /todos2/todos HTTP/1.1" 500 530
::1 - - [12/Aug/2021:23:23:24 +0900] "GET /favicon.ico HTTP/1.1" 403 199
::1 - - [13/Aug/2021:08:47:13 +0900] "GET /todos2/ HTTP/1.1" 304 -
::1 - - [13/Aug/2021:08:47:13 +0900] "GET /todos2/runtime.9296b5b1445da6c24041.js HTTP/1.1" 304 -
::1 - - [13/Aug/2021:08:47:13 +0900] "GET /todos2/polyfills.8784e5154013fa9e7c74.js HTTP/1.1" 304 -
::1 - - [13/Aug/2021:08:47:13 +0900] "GET /todos2/main.9b2ce05bbc40e2c7d309.js HTTP/1.1" 304 -
::1 - - [13/Aug/2021:08:47:13 +0900] "GET /todos2/styles.c4f35588efce5affa0b9.css HTTP/1.1" 304 -
::1 - - [13/Aug/2021:08:47:26 +0900] "GET /todos2/login HTTP/1.1" 500 530
::1 - - [13/Aug/2021:08:47:26 +0900] "GET /favicon.ico HTTP/1.1" 403 199
::1 - - [13/Aug/2021:08:47:41 +0900] "GET /todos2/login HTTP/1.1" 500 530
::1 - - [13/Aug/2021:08:47:41 +0900] "GET /favicon.ico HTTP/1.1" 403 199
::1 - - [13/Aug/2021:08:47:48 +0900] "GET /todos2/login HTTP/1.1" 500 530
::1 - - [13/Aug/2021:08:47:49 +0900] "GET /favicon.ico HTTP/1.1" 403 199
::1 - - [13/Aug/2021:08:47:49 +0900] "GET /todos2/login HTTP/1.1" 500 530
::1 - - [13/Aug/2021:08:47:49 +0900] "GET /favicon.ico HTTP/1.1" 403 199
::1 - - [13/Aug/2021:08:47:51 +0900] "GET /todos2/login HTTP/1.1" 500 530
::1 - - [13/Aug/2021:08:47:51 +0900] "GET /favicon.ico HTTP/1.1" 403 199
::1 - - [13/Aug/2021:08:47:55 +0900] "GET /todos2/login HTTP/1.1" 301 232
::1 - - [13/Aug/2021:08:47:55 +0900] "GET /todos2/ HTTP/1.1" 304 -
::1 - - [13/Aug/2021:08:48:05 +0900] "GET /todos2/login HTTP/1.1" 301 232
::1 - - [13/Aug/2021:08:48:05 +0900] "GET /todos2/ HTTP/1.1" 304 -
::1 - - [13/Aug/2021:08:48:16 +0900] "GET /todos2/login HTTP/1.1" 500 530
::1 - - [13/Aug/2021:08:48:16 +0900] "GET /favicon.ico HTTP/1.1" 403 199
::1 - - [13/Aug/2021:08:49:00 +0900] "GET /todos2/login HTTP/1.1" 404 196
::1 - - [13/Aug/2021:08:49:00 +0900] "GET /favicon.ico HTTP/1.1" 403 199
::1 - - [13/Aug/2021:08:49:11 +0900] "GET /todos2/login HTTP/1.1" 301 232
::1 - - [13/Aug/2021:08:49:11 +0900] "GET /todos2/ HTTP/1.1" 304 -
::1 - - [13/Aug/2021:08:49:20 +0900] "GET /todos2/login HTTP/1.1" 301 232
::1 - - [13/Aug/2021:08:49:20 +0900] "GET /todos2/ HTTP/1.1" 304 -
::1 - - [13/Aug/2021:08:49:25 +0900] "GET /todos2/signup HTTP/1.1" 301 232
::1 - - [13/Aug/2021:08:49:25 +0900] "GET /todos2/ HTTP/1.1" 304 -
::1 - - [13/Aug/2021:08:49:39 +0900] "GET /todos2/login HTTP/1.1" 404 196
::1 - - [13/Aug/2021:08:49:39 +0900] "GET /favicon.ico HTTP/1.1" 403 199
::1 - - [13/Aug/2021:08:49:50 +0900] "GET /favicon.ico HTTP/1.1" 403 199
::1 - - [13/Aug/2021:08:49:51 +0900] "GET /todos2/ HTTP/1.1" 304 -
::1 - - [13/Aug/2021:08:49:52 +0900] "GET /todos2/favicon.ico HTTP/1.1" 200 948
::1 - - [13/Aug/2021:08:49:54 +0900] "GET /todos2/login HTTP/1.1" 301 232
::1 - - [13/Aug/2021:08:49:54 +0900] "GET /todos2/ HTTP/1.1" 304 -
::1 - - [13/Aug/2021:08:50:04 +0900] "GET /todos2/login HTTP/1.1" 403 318
::1 - - [13/Aug/2021:08:50:04 +0900] "GET /favicon.ico HTTP/1.1" 403 199
::1 - - [13/Aug/2021:08:50:38 +0900] "GET /todos2 HTTP/1.1" 301 232
::1 - - [13/Aug/2021:08:51:07 +0900] "GET /todos2/login HTTP/1.1" 403 318
::1 - - [13/Aug/2021:08:51:28 +0900] "GET /todos2/login HTTP/1.1" 403 318
::1 - - [13/Aug/2021:08:51:28 +0900] "GET /favicon.ico HTTP/1.1" 403 199
::1 - - [13/Aug/2021:08:51:41 +0900] "GET /todos2/login HTTP/1.1" 403 318
::1 - - [13/Aug/2021:08:51:41 +0900] "GET /favicon.ico HTTP/1.1" 403 199
::1 - - [13/Aug/2021:08:52:41 +0900] "-" 408 -
::1 - - [13/Aug/2021:09:02:14 +0900] "GET /todos2/login HTTP/1.1" 301 232
::1 - - [13/Aug/2021:09:02:14 +0900] "GET /todos2/ HTTP/1.1" 200 2001
::1 - - [13/Aug/2021:09:02:14 +0900] "GET /todos2/main.6f897fa10a41f0fee411.js HTTP/1.1" 200 274126
::1 - - [13/Aug/2021:09:03:14 +0900] "-" 408 -
::1 - - [13/Aug/2021:09:03:43 +0900] "GET /todos2/login HTTP/1.1" 301 232
::1 - - [13/Aug/2021:09:03:43 +0900] "GET /todos2/ HTTP/1.1" 304 -
::1 - - [13/Aug/2021:09:03:43 +0900] "GET /todos2/main.6f897fa10a41f0fee411.js HTTP/1.1" 304 -
::1 - - [13/Aug/2021:09:04:43 +0900] "-" 408 -
::1 - - [13/Aug/2021:09:07:10 +0900] "GET /todos2/logout HTTP/1.1" 301 232
::1 - - [13/Aug/2021:09:07:10 +0900] "GET /todos2/ HTTP/1.1" 304 -
::1 - - [13/Aug/2021:09:07:10 +0900] "GET /todos2/main.6f897fa10a41f0fee411.js HTTP/1.1" 304 -
::1 - - [13/Aug/2021:09:08:10 +0900] "-" 408 -
::1 - - [13/Aug/2021:09:08:42 +0900] "GET /todos2/login HTTP/1.1" 301 232
::1 - - [13/Aug/2021:09:08:42 +0900] "GET /todos2/ HTTP/1.1" 304 -
::1 - - [13/Aug/2021:09:08:42 +0900] "GET /todos2/main.6f897fa10a41f0fee411.js HTTP/1.1" 304 -
::1 - - [13/Aug/2021:09:08:47 +0900] "GET /todos2/logout HTTP/1.1" 301 232
::1 - - [13/Aug/2021:09:08:47 +0900] "GET /todos2/ HTTP/1.1" 304 -
::1 - - [13/Aug/2021:09:09:34 +0900] "GET /todos2/login HTTP/1.1" 301 232
::1 - - [13/Aug/2021:09:09:34 +0900] "GET /todos2/ HTTP/1.1" 304 -
::1 - - [13/Aug/2021:09:09:34 +0900] "GET /todos2/main.6f897fa10a41f0fee411.js HTTP/1.1" 304 -
::1 - - [13/Aug/2021:09:10:34 +0900] "-" 408 -
